<?xml version="1.0" encoding="UTF-8"?>
<testsuite name="Join the community of testers." tests="1" skipped="0" failures="1" errors="0" timestamp="2022-10-05T21:48:36" hostname="CHMEPPF0FQ31E" time="60.657">
  <properties/>
  <testcase name="Register on the Utest.com page" classname="Join the community of testers." time="60.657">
    <failure message="java.lang.AssertionError: no such element: Unable to locate element: {&quot;method&quot;:&quot;xpath&quot;,&quot;selector&quot;:&quot;//*[@id=&quot;mainContent&quot;]/div/div/div[2]/div[1]/p[1]/b&quot;}&#10;  (Session info: chrome=105.0.5195.127)&#10;For documentation on this error, please visit: https://www.seleniumhq.org/exceptions/no_such_element.html&#10;Build info: version: '3.141.59', revision: 'e82be7d358', time: '2018-11-14T08:17:03'&#10;System info: host: 'CHMEPPF0FQ31E', ip: '192.168.1.52', os.name: 'Windows 10', os.arch: 'amd64', os.version: '10.0', java.version: '1.8.0_341'&#10;Driver info: org.openqa.selenium.chrome.ChromeDriver&#10;Capabilities {acceptInsecureCerts: false, browserName: chrome, browserVersion: 105.0.5195.127, chrome: {chromedriverVersion: 105.0.5195.19 (b9c217c128c1..., userDataDir: C:\Users\CCASTR~1\AppData\L...}, goog:chromeOptions: {debuggerAddress: localhost:59737}, javascriptEnabled: true, networkConnectionEnabled: false, pageLoadStrategy: normal, platform: WINDOWS, platformName: WINDOWS, proxy: Proxy(), setWindowRect: true, strictFileInteractability: false, timeouts: {implicit: 0, pageLoad: 300000, script: 30000}, unhandledPromptBehavior: dismiss and notify, webauthn:extension:credBlob: true, webauthn:extension:largeBlob: true, webauthn:virtualAuthenticators: true}&#10;Session ID: 1d325efe1db8d2deb06d455d38b0ad8c&#10;*** Element info: {Using=xpath, value=//*[@id=&quot;mainContent&quot;]/div/div/div[2]/div[1]/p[1]/b}" type="java.lang.AssertionError">java.lang.AssertionError: no such element: Unable to locate element: {&quot;method&quot;:&quot;xpath&quot;,&quot;selector&quot;:&quot;//*[@id=&quot;mainContent&quot;]/div/div/div[2]/div[1]/p[1]/b&quot;}
  (Session info: chrome=105.0.5195.127)
For documentation on this error, please visit: https://www.seleniumhq.org/exceptions/no_such_element.html
Build info: version: '3.141.59', revision: 'e82be7d358', time: '2018-11-14T08:17:03'
System info: host: 'CHMEPPF0FQ31E', ip: '192.168.1.52', os.name: 'Windows 10', os.arch: 'amd64', os.version: '10.0', java.version: '1.8.0_341'
Driver info: org.openqa.selenium.chrome.ChromeDriver
Capabilities {acceptInsecureCerts: false, browserName: chrome, browserVersion: 105.0.5195.127, chrome: {chromedriverVersion: 105.0.5195.19 (b9c217c128c1..., userDataDir: C:\Users\CCASTR~1\AppData\L...}, goog:chromeOptions: {debuggerAddress: localhost:59737}, javascriptEnabled: true, networkConnectionEnabled: false, pageLoadStrategy: normal, platform: WINDOWS, platformName: WINDOWS, proxy: Proxy(), setWindowRect: true, strictFileInteractability: false, timeouts: {implicit: 0, pageLoad: 300000, script: 30000}, unhandledPromptBehavior: dismiss and notify, webauthn:extension:credBlob: true, webauthn:extension:largeBlob: true, webauthn:virtualAuthenticators: true}
Session ID: 1d325efe1db8d2deb06d455d38b0ad8c
*** Element info: {Using=xpath, value=//*[@id=&quot;mainContent&quot;]/div/div/div[2]/div[1]/p[1]/b}
	at net.serenitybdd.screenplay.ErrorTally.throwSummaryExceptionFrom(ErrorTally.java:36)
	at net.serenitybdd.screenplay.ErrorTally.reportAnyErrors(ErrorTally.java:30)
	at net.serenitybdd.screenplay.Actor.should(Actor.java:301)
	at stepdefinitions.UtestStepDefinition.heRegistersSuccessfulOnTheUtestPageSeeingAMessageCheckYourEmailInbox(UtestStepDefinition.java:59)
	at ✽.he registers successful on the Utest page seeing a message First, please check your email inbox(src/test/resources/features/utest.feature:22)
</failure>
  </testcase>
  <system-out><![CDATA[]]></system-out>
  <system-err><![CDATA[[Test worker] WARN net.thucydides.core.steps.BaseStepListener - stepStarted: net.thucydides.core.steps.ExecutedStepDescription@28a0fd6c
[Test worker] WARN net.thucydides.core.steps.BaseStepListener - stepStarted: net.thucydides.core.steps.ExecutedStepDescription@7772054c
[Test worker] WARN net.thucydides.core.steps.BaseStepListener - stepStarted: net.thucydides.core.steps.ExecutedStepDescription@3e4f80cb
oct 05, 2022 4:48:37 PM org.openqa.selenium.remote.DesiredCapabilities chrome
INFORMACIÓN: Using `new ChromeOptions()` is preferred to `DesiredCapabilities.chrome()`
[Test worker] INFO net.serenitybdd.core.webdriver.driverproviders.ProvideNewDriver - Instantiating driver
[Test worker] INFO net.serenitybdd.core.webdriver.driverproviders.ProvideNewDriver - Driver capabilities: Capabilities {acceptInsecureCerts: false, browserName: chrome, chrome.switches: --start-maximized, goog:chromeOptions: {args: [--start-maximized], extensions: []}, loggingPrefs: org.openqa.selenium.logging..., platform: ANY, version: }
Starting ChromeDriver 105.0.5195.19 (b9c217c128c16f53d12f9a02933fcfdec1bf49af-refs/branch-heads/5195@{#176}) on port 25762
Only local connections are allowed.
Please see https://chromedriver.chromium.org/security-considerations for suggestions on keeping ChromeDriver safe.
ChromeDriver was started successfully.
oct 05, 2022 4:48:41 PM org.openqa.selenium.remote.ProtocolHandshake createSession
INFORMACIÓN: Detected dialect: W3C
[Test worker] WARN net.thucydides.core.steps.BaseStepListener - stepFinished: current outcome:Register on the Utest.com page:Given than Carlos is on the Utest page [Carlos open up [Carlos opens the Utest page]]
[Test worker] WARN net.thucydides.core.steps.BaseStepListener - stepFinished: current outcome:Register on the Utest.com page:Given than Carlos is on the Utest page [Carlos open up [Carlos opens the Utest page]]
[Test worker] WARN net.thucydides.core.steps.BaseStepListener - stepFinished: current outcome:Register on the Utest.com page:Given than Carlos is on the Utest page [Carlos open up [Carlos opens the Utest page]]
[Test worker] WARN net.thucydides.core.steps.BaseStepListener - stepStarted: net.thucydides.core.steps.ExecutedStepDescription@516592b1
[Test worker] WARN net.thucydides.core.steps.BaseStepListener - stepStarted: net.thucydides.core.steps.ExecutedStepDescription@69aa7d76
[Test worker] WARN net.thucydides.core.steps.BaseStepListener - stepStarted: net.thucydides.core.steps.ExecutedStepDescription@64f9f455
[Test worker] WARN net.thucydides.core.steps.BaseStepListener - stepFinished: current outcome:Register on the Utest.com page:Given than Carlos is on the Utest page [Carlos open up [Carlos opens the Utest page]], When he clicks Join Today on the Utest page [Carlos join today [Carlos clicks on Click in the button Join Today]]
[Test worker] WARN net.thucydides.core.steps.BaseStepListener - stepFinished: current outcome:Register on the Utest.com page:Given than Carlos is on the Utest page [Carlos open up [Carlos opens the Utest page]], When he clicks Join Today on the Utest page [Carlos join today [Carlos clicks on Click in the button Join Today]]
[Test worker] WARN net.thucydides.core.steps.BaseStepListener - stepFinished: current outcome:Register on the Utest.com page:Given than Carlos is on the Utest page [Carlos open up [Carlos opens the Utest page]], When he clicks Join Today on the Utest page [Carlos join today [Carlos clicks on Click in the button Join Today]]
[Test worker] WARN net.thucydides.core.steps.BaseStepListener - stepStarted: net.thucydides.core.steps.ExecutedStepDescription@1624775
[Test worker] WARN net.thucydides.core.steps.BaseStepListener - stepStarted: net.thucydides.core.steps.ExecutedStepDescription@583fb274
[Test worker] WARN net.thucydides.core.steps.BaseStepListener - stepStarted: net.thucydides.core.steps.ExecutedStepDescription@1ba467c2
[Test worker] WARN net.thucydides.core.steps.BaseStepListener - stepFinished: current outcome:Register on the Utest.com page:Given than Carlos is on the Utest page [Carlos open up [Carlos opens the Utest page]], When he clicks Join Today on the Utest page [Carlos join today [Carlos clicks on Click in the button Join Today]], And he enters the data required in the first registration step
| first_name | last_name | email_address | month_bird | day_bird | year_bird | language |
| Carlos | Castro | castro@correochouc.com | December | 3 | 1997 | Spanish | [Carlos enters [Carlos enters 'Carlos' into Where we write the first name]]
[Test worker] WARN net.thucydides.core.steps.BaseStepListener - stepStarted: net.thucydides.core.steps.ExecutedStepDescription@41b64020
[Test worker] WARN net.thucydides.core.steps.BaseStepListener - stepFinished: current outcome:Register on the Utest.com page:Given than Carlos is on the Utest page [Carlos open up [Carlos opens the Utest page]], When he clicks Join Today on the Utest page [Carlos join today [Carlos clicks on Click in the button Join Today]], And he enters the data required in the first registration step
| first_name | last_name | email_address | month_bird | day_bird | year_bird | language |
| Carlos | Castro | castro@correochouc.com | December | 3 | 1997 | Spanish | [Carlos enters [Carlos enters 'Carlos' into Where we write the first name, Carlos enters 'Castro' into Where we write the last name]]
[Test worker] WARN net.thucydides.core.steps.BaseStepListener - stepStarted: net.thucydides.core.steps.ExecutedStepDescription@73894c5a
[Test worker] WARN net.thucydides.core.steps.BaseStepListener - stepFinished: current outcome:Register on the Utest.com page:Given than Carlos is on the Utest page [Carlos open up [Carlos opens the Utest page]], When he clicks Join Today on the Utest page [Carlos join today [Carlos clicks on Click in the button Join Today]], And he enters the data required in the first registration step
| first_name | last_name | email_address | month_bird | day_bird | year_bird | language |
| Carlos | Castro | castro@correochouc.com | December | 3 | 1997 | Spanish | [Carlos enters [Carlos enters 'Carlos' into Where we write the first name, Carlos enters 'Castro' into Where we write the last name, Carlos enters 'castro@correochouc.com' into Where we write the email address]]
[Test worker] WARN net.thucydides.core.steps.BaseStepListener - stepStarted: net.thucydides.core.steps.ExecutedStepDescription@1e1232cf
[Test worker] WARN net.thucydides.core.steps.BaseStepListener - stepFinished: current outcome:Register on the Utest.com page:Given than Carlos is on the Utest page [Carlos open up [Carlos opens the Utest page]], When he clicks Join Today on the Utest page [Carlos join today [Carlos clicks on Click in the button Join Today]], And he enters the data required in the first registration step
| first_name | last_name | email_address | month_bird | day_bird | year_bird | language |
| Carlos | Castro | castro@correochouc.com | December | 3 | 1997 | Spanish | [Carlos enters [Carlos enters 'Carlos' into Where we write the first name, Carlos enters 'Castro' into Where we write the last name, Carlos enters 'castro@correochouc.com' into Where we write the email address, Carlos select December on Click on the month of date birth]]
[Test worker] WARN net.thucydides.core.steps.BaseStepListener - stepStarted: net.thucydides.core.steps.ExecutedStepDescription@3946075
[Test worker] WARN net.thucydides.core.steps.BaseStepListener - stepFinished: current outcome:Register on the Utest.com page:Given than Carlos is on the Utest page [Carlos open up [Carlos opens the Utest page]], When he clicks Join Today on the Utest page [Carlos join today [Carlos clicks on Click in the button Join Today]], And he enters the data required in the first registration step
| first_name | last_name | email_address | month_bird | day_bird | year_bird | language |
| Carlos | Castro | castro@correochouc.com | December | 3 | 1997 | Spanish | [Carlos enters [Carlos enters 'Carlos' into Where we write the first name, Carlos enters 'Castro' into Where we write the last name, Carlos enters 'castro@correochouc.com' into Where we write the email address, Carlos select December on Click on the month of date birth, Carlos select 3 on Click on the day of date birth]]
[Test worker] WARN net.thucydides.core.steps.BaseStepListener - stepStarted: net.thucydides.core.steps.ExecutedStepDescription@46fc522d
[Test worker] WARN net.thucydides.core.steps.BaseStepListener - stepFinished: current outcome:Register on the Utest.com page:Given than Carlos is on the Utest page [Carlos open up [Carlos opens the Utest page]], When he clicks Join Today on the Utest page [Carlos join today [Carlos clicks on Click in the button Join Today]], And he enters the data required in the first registration step
| first_name | last_name | email_address | month_bird | day_bird | year_bird | language |
| Carlos | Castro | castro@correochouc.com | December | 3 | 1997 | Spanish | [Carlos enters [Carlos enters 'Carlos' into Where we write the first name, Carlos enters 'Castro' into Where we write the last name, Carlos enters 'castro@correochouc.com' into Where we write the email address, Carlos select December on Click on the month of date birth, Carlos select 3 on Click on the day of date birth, Carlos select 1997 on Click on the year of date birth]]
[Test worker] WARN net.thucydides.core.steps.BaseStepListener - stepStarted: net.thucydides.core.steps.ExecutedStepDescription@202d9236
[Test worker] WARN net.thucydides.core.steps.BaseStepListener - stepFinished: current outcome:Register on the Utest.com page:Given than Carlos is on the Utest page [Carlos open up [Carlos opens the Utest page]], When he clicks Join Today on the Utest page [Carlos join today [Carlos clicks on Click in the button Join Today]], And he enters the data required in the first registration step
| first_name | last_name | email_address | month_bird | day_bird | year_bird | language |
| Carlos | Castro | castro@correochouc.com | December | 3 | 1997 | Spanish | [Carlos enters [Carlos enters 'Carlos' into Where we write the first name, Carlos enters 'Castro' into Where we write the last name, Carlos enters 'castro@correochouc.com' into Where we write the email address, Carlos select December on Click on the month of date birth, Carlos select 3 on Click on the day of date birth, Carlos select 1997 on Click on the year of date birth, Carlos enters 'Spanish' into Where we write the native language]]
[Test worker] WARN net.thucydides.core.steps.BaseStepListener - stepStarted: net.thucydides.core.steps.ExecutedStepDescription@656a3d6b
[Test worker] WARN net.thucydides.core.steps.BaseStepListener - stepFinished: current outcome:Register on the Utest.com page:Given than Carlos is on the Utest page [Carlos open up [Carlos opens the Utest page]], When he clicks Join Today on the Utest page [Carlos join today [Carlos clicks on Click in the button Join Today]], And he enters the data required in the first registration step
| first_name | last_name | email_address | month_bird | day_bird | year_bird | language |
| Carlos | Castro | castro@correochouc.com | December | 3 | 1997 | Spanish | [Carlos enters [Carlos enters 'Carlos' into Where we write the first name, Carlos enters 'Castro' into Where we write the last name, Carlos enters 'castro@correochouc.com' into Where we write the email address, Carlos select December on Click on the month of date birth, Carlos select 3 on Click on the day of date birth, Carlos select 1997 on Click on the year of date birth, Carlos enters 'Spanish' into Where we write the native language, Carlos types 'ENTER' in Where we write the native language]]
[Test worker] WARN net.thucydides.core.steps.BaseStepListener - stepStarted: net.thucydides.core.steps.ExecutedStepDescription@392781e
[Test worker] WARN net.thucydides.core.steps.BaseStepListener - stepFinished: current outcome:Register on the Utest.com page:Given than Carlos is on the Utest page [Carlos open up [Carlos opens the Utest page]], When he clicks Join Today on the Utest page [Carlos join today [Carlos clicks on Click in the button Join Today]], And he enters the data required in the first registration step
| first_name | last_name | email_address | month_bird | day_bird | year_bird | language |
| Carlos | Castro | castro@correochouc.com | December | 3 | 1997 | Spanish | [Carlos enters [Carlos enters 'Carlos' into Where we write the first name, Carlos enters 'Castro' into Where we write the last name, Carlos enters 'castro@correochouc.com' into Where we write the email address, Carlos select December on Click on the month of date birth, Carlos select 3 on Click on the day of date birth, Carlos select 1997 on Click on the year of date birth, Carlos enters 'Spanish' into Where we write the native language, Carlos types 'ENTER' in Where we write the native language, Carlos clicks on Click on the button for the steps next]]
[Test worker] WARN net.thucydides.core.steps.BaseStepListener - stepFinished: current outcome:Register on the Utest.com page:Given than Carlos is on the Utest page [Carlos open up [Carlos opens the Utest page]], When he clicks Join Today on the Utest page [Carlos join today [Carlos clicks on Click in the button Join Today]], And he enters the data required in the first registration step
| first_name | last_name | email_address | month_bird | day_bird | year_bird | language |
| Carlos | Castro | castro@correochouc.com | December | 3 | 1997 | Spanish | [Carlos enters [Carlos enters 'Carlos' into Where we write the first name, Carlos enters 'Castro' into Where we write the last name, Carlos enters 'castro@correochouc.com' into Where we write the email address, Carlos select December on Click on the month of date birth, Carlos select 3 on Click on the day of date birth, Carlos select 1997 on Click on the year of date birth, Carlos enters 'Spanish' into Where we write the native language, Carlos types 'ENTER' in Where we write the native language, Carlos clicks on Click on the button for the steps next]]
[Test worker] WARN net.thucydides.core.steps.BaseStepListener - stepFinished: current outcome:Register on the Utest.com page:Given than Carlos is on the Utest page [Carlos open up [Carlos opens the Utest page]], When he clicks Join Today on the Utest page [Carlos join today [Carlos clicks on Click in the button Join Today]], And he enters the data required in the first registration step
| first_name | last_name | email_address | month_bird | day_bird | year_bird | language |
| Carlos | Castro | castro@correochouc.com | December | 3 | 1997 | Spanish | [Carlos enters [Carlos enters 'Carlos' into Where we write the first name, Carlos enters 'Castro' into Where we write the last name, Carlos enters 'castro@correochouc.com' into Where we write the email address, Carlos select December on Click on the month of date birth, Carlos select 3 on Click on the day of date birth, Carlos select 1997 on Click on the year of date birth, Carlos enters 'Spanish' into Where we write the native language, Carlos types 'ENTER' in Where we write the native language, Carlos clicks on Click on the button for the steps next]]
[Test worker] WARN net.thucydides.core.steps.BaseStepListener - stepStarted: net.thucydides.core.steps.ExecutedStepDescription@7fdd43cd
[Test worker] WARN net.thucydides.core.steps.BaseStepListener - stepStarted: net.thucydides.core.steps.ExecutedStepDescription@69364b2d
[Test worker] WARN net.thucydides.core.steps.BaseStepListener - stepStarted: net.thucydides.core.steps.ExecutedStepDescription@a0bf272
[Test worker] WARN net.thucydides.core.steps.BaseStepListener - stepFinished: current outcome:Register on the Utest.com page:Given than Carlos is on the Utest page [Carlos open up [Carlos opens the Utest page]], When he clicks Join Today on the Utest page [Carlos join today [Carlos clicks on Click in the button Join Today]], And he enters the data required in the first registration step
| first_name | last_name | email_address | month_bird | day_bird | year_bird | language |
| Carlos | Castro | castro@correochouc.com | December | 3 | 1997 | Spanish | [Carlos enters [Carlos enters 'Carlos' into Where we write the first name, Carlos enters 'Castro' into Where we write the last name, Carlos enters 'castro@correochouc.com' into Where we write the email address, Carlos select December on Click on the month of date birth, Carlos select 3 on Click on the day of date birth, Carlos select 1997 on Click on the year of date birth, Carlos enters 'Spanish' into Where we write the native language, Carlos types 'ENTER' in Where we write the native language, Carlos clicks on Click on the button for the steps next]], And he enters the data required in the second registration step
| city | postal_code | country |
| Bello, Antioquia | 050044 | Colombia | [Carlos enters two [Carlos clicks on Where we write the city]]
[Test worker] WARN net.thucydides.core.steps.BaseStepListener - stepStarted: net.thucydides.core.steps.ExecutedStepDescription@7df6d663
[Test worker] WARN net.thucydides.core.steps.BaseStepListener - stepFinished: current outcome:Register on the Utest.com page:Given than Carlos is on the Utest page [Carlos open up [Carlos opens the Utest page]], When he clicks Join Today on the Utest page [Carlos join today [Carlos clicks on Click in the button Join Today]], And he enters the data required in the first registration step
| first_name | last_name | email_address | month_bird | day_bird | year_bird | language |
| Carlos | Castro | castro@correochouc.com | December | 3 | 1997 | Spanish | [Carlos enters [Carlos enters 'Carlos' into Where we write the first name, Carlos enters 'Castro' into Where we write the last name, Carlos enters 'castro@correochouc.com' into Where we write the email address, Carlos select December on Click on the month of date birth, Carlos select 3 on Click on the day of date birth, Carlos select 1997 on Click on the year of date birth, Carlos enters 'Spanish' into Where we write the native language, Carlos types 'ENTER' in Where we write the native language, Carlos clicks on Click on the button for the steps next]], And he enters the data required in the second registration step
| city | postal_code | country |
| Bello, Antioquia | 050044 | Colombia | [Carlos enters two [Carlos clicks on Where we write the city, Carlos clears field Where we write the city]]
[Test worker] WARN net.thucydides.core.steps.BaseStepListener - stepStarted: net.thucydides.core.steps.ExecutedStepDescription@5c931134
[Test worker] WARN net.thucydides.core.steps.BaseStepListener - stepFinished: current outcome:Register on the Utest.com page:Given than Carlos is on the Utest page [Carlos open up [Carlos opens the Utest page]], When he clicks Join Today on the Utest page [Carlos join today [Carlos clicks on Click in the button Join Today]], And he enters the data required in the first registration step
| first_name | last_name | email_address | month_bird | day_bird | year_bird | language |
| Carlos | Castro | castro@correochouc.com | December | 3 | 1997 | Spanish | [Carlos enters [Carlos enters 'Carlos' into Where we write the first name, Carlos enters 'Castro' into Where we write the last name, Carlos enters 'castro@correochouc.com' into Where we write the email address, Carlos select December on Click on the month of date birth, Carlos select 3 on Click on the day of date birth, Carlos select 1997 on Click on the year of date birth, Carlos enters 'Spanish' into Where we write the native language, Carlos types 'ENTER' in Where we write the native language, Carlos clicks on Click on the button for the steps next]], And he enters the data required in the second registration step
| city | postal_code | country |
| Bello, Antioquia | 050044 | Colombia | [Carlos enters two [Carlos clicks on Where we write the city, Carlos clears field Where we write the city, Carlos enters 'Bello, Antioquia' into Where we write the city]]
[Test worker] WARN net.thucydides.core.steps.BaseStepListener - stepStarted: net.thucydides.core.steps.ExecutedStepDescription@3ca14cf4
[Test worker] WARN net.thucydides.core.steps.BaseStepListener - stepFinished: current outcome:Register on the Utest.com page:Given than Carlos is on the Utest page [Carlos open up [Carlos opens the Utest page]], When he clicks Join Today on the Utest page [Carlos join today [Carlos clicks on Click in the button Join Today]], And he enters the data required in the first registration step
| first_name | last_name | email_address | month_bird | day_bird | year_bird | language |
| Carlos | Castro | castro@correochouc.com | December | 3 | 1997 | Spanish | [Carlos enters [Carlos enters 'Carlos' into Where we write the first name, Carlos enters 'Castro' into Where we write the last name, Carlos enters 'castro@correochouc.com' into Where we write the email address, Carlos select December on Click on the month of date birth, Carlos select 3 on Click on the day of date birth, Carlos select 1997 on Click on the year of date birth, Carlos enters 'Spanish' into Where we write the native language, Carlos types 'ENTER' in Where we write the native language, Carlos clicks on Click on the button for the steps next]], And he enters the data required in the second registration step
| city | postal_code | country |
| Bello, Antioquia | 050044 | Colombia | [Carlos enters two [Carlos clicks on Where we write the city, Carlos clears field Where we write the city, Carlos enters 'Bello, Antioquia' into Where we write the city, Carlos types 'DOWN' in Where we write the city]]
[Test worker] WARN net.thucydides.core.steps.BaseStepListener - stepStarted: net.thucydides.core.steps.ExecutedStepDescription@6cbb175
[Test worker] WARN net.thucydides.core.steps.BaseStepListener - stepFinished: current outcome:Register on the Utest.com page:Given than Carlos is on the Utest page [Carlos open up [Carlos opens the Utest page]], When he clicks Join Today on the Utest page [Carlos join today [Carlos clicks on Click in the button Join Today]], And he enters the data required in the first registration step
| first_name | last_name | email_address | month_bird | day_bird | year_bird | language |
| Carlos | Castro | castro@correochouc.com | December | 3 | 1997 | Spanish | [Carlos enters [Carlos enters 'Carlos' into Where we write the first name, Carlos enters 'Castro' into Where we write the last name, Carlos enters 'castro@correochouc.com' into Where we write the email address, Carlos select December on Click on the month of date birth, Carlos select 3 on Click on the day of date birth, Carlos select 1997 on Click on the year of date birth, Carlos enters 'Spanish' into Where we write the native language, Carlos types 'ENTER' in Where we write the native language, Carlos clicks on Click on the button for the steps next]], And he enters the data required in the second registration step
| city | postal_code | country |
| Bello, Antioquia | 050044 | Colombia | [Carlos enters two [Carlos clicks on Where we write the city, Carlos clears field Where we write the city, Carlos enters 'Bello, Antioquia' into Where we write the city, Carlos types 'DOWN' in Where we write the city, Carlos types 'ENTER' in Where we write the city]]
[Test worker] WARN net.thucydides.core.steps.BaseStepListener - stepStarted: net.thucydides.core.steps.ExecutedStepDescription@7c46c9c3
[Test worker] WARN net.thucydides.core.steps.BaseStepListener - stepFinished: current outcome:Register on the Utest.com page:Given than Carlos is on the Utest page [Carlos open up [Carlos opens the Utest page]], When he clicks Join Today on the Utest page [Carlos join today [Carlos clicks on Click in the button Join Today]], And he enters the data required in the first registration step
| first_name | last_name | email_address | month_bird | day_bird | year_bird | language |
| Carlos | Castro | castro@correochouc.com | December | 3 | 1997 | Spanish | [Carlos enters [Carlos enters 'Carlos' into Where we write the first name, Carlos enters 'Castro' into Where we write the last name, Carlos enters 'castro@correochouc.com' into Where we write the email address, Carlos select December on Click on the month of date birth, Carlos select 3 on Click on the day of date birth, Carlos select 1997 on Click on the year of date birth, Carlos enters 'Spanish' into Where we write the native language, Carlos types 'ENTER' in Where we write the native language, Carlos clicks on Click on the button for the steps next]], And he enters the data required in the second registration step
| city | postal_code | country |
| Bello, Antioquia | 050044 | Colombia | [Carlos enters two [Carlos clicks on Where we write the city, Carlos clears field Where we write the city, Carlos enters 'Bello, Antioquia' into Where we write the city, Carlos types 'DOWN' in Where we write the city, Carlos types 'ENTER' in Where we write the city, Carlos enters '050044' into Where we write the code postal]]
[Test worker] WARN net.thucydides.core.steps.BaseStepListener - stepStarted: net.thucydides.core.steps.ExecutedStepDescription@153cb763
[Test worker] WARN net.thucydides.core.steps.BaseStepListener - stepFinished: current outcome:Register on the Utest.com page:Given than Carlos is on the Utest page [Carlos open up [Carlos opens the Utest page]], When he clicks Join Today on the Utest page [Carlos join today [Carlos clicks on Click in the button Join Today]], And he enters the data required in the first registration step
| first_name | last_name | email_address | month_bird | day_bird | year_bird | language |
| Carlos | Castro | castro@correochouc.com | December | 3 | 1997 | Spanish | [Carlos enters [Carlos enters 'Carlos' into Where we write the first name, Carlos enters 'Castro' into Where we write the last name, Carlos enters 'castro@correochouc.com' into Where we write the email address, Carlos select December on Click on the month of date birth, Carlos select 3 on Click on the day of date birth, Carlos select 1997 on Click on the year of date birth, Carlos enters 'Spanish' into Where we write the native language, Carlos types 'ENTER' in Where we write the native language, Carlos clicks on Click on the button for the steps next]], And he enters the data required in the second registration step
| city | postal_code | country |
| Bello, Antioquia | 050044 | Colombia | [Carlos enters two [Carlos clicks on Where we write the city, Carlos clears field Where we write the city, Carlos enters 'Bello, Antioquia' into Where we write the city, Carlos types 'DOWN' in Where we write the city, Carlos types 'ENTER' in Where we write the city, Carlos enters '050044' into Where we write the code postal, Carlos clicks on Where we write the country]]
[Test worker] WARN net.thucydides.core.steps.BaseStepListener - stepStarted: net.thucydides.core.steps.ExecutedStepDescription@22a260ff
[Test worker] WARN net.thucydides.core.steps.BaseStepListener - stepFinished: current outcome:Register on the Utest.com page:Given than Carlos is on the Utest page [Carlos open up [Carlos opens the Utest page]], When he clicks Join Today on the Utest page [Carlos join today [Carlos clicks on Click in the button Join Today]], And he enters the data required in the first registration step
| first_name | last_name | email_address | month_bird | day_bird | year_bird | language |
| Carlos | Castro | castro@correochouc.com | December | 3 | 1997 | Spanish | [Carlos enters [Carlos enters 'Carlos' into Where we write the first name, Carlos enters 'Castro' into Where we write the last name, Carlos enters 'castro@correochouc.com' into Where we write the email address, Carlos select December on Click on the month of date birth, Carlos select 3 on Click on the day of date birth, Carlos select 1997 on Click on the year of date birth, Carlos enters 'Spanish' into Where we write the native language, Carlos types 'ENTER' in Where we write the native language, Carlos clicks on Click on the button for the steps next]], And he enters the data required in the second registration step
| city | postal_code | country |
| Bello, Antioquia | 050044 | Colombia | [Carlos enters two [Carlos clicks on Where we write the city, Carlos clears field Where we write the city, Carlos enters 'Bello, Antioquia' into Where we write the city, Carlos types 'DOWN' in Where we write the city, Carlos types 'ENTER' in Where we write the city, Carlos enters '050044' into Where we write the code postal, Carlos clicks on Where we write the country, Carlos enters 'Colombia' into Where we write the country]]
[Test worker] WARN net.thucydides.core.steps.BaseStepListener - stepStarted: net.thucydides.core.steps.ExecutedStepDescription@6d293993
[Test worker] WARN net.thucydides.core.steps.BaseStepListener - stepFinished: current outcome:Register on the Utest.com page:Given than Carlos is on the Utest page [Carlos open up [Carlos opens the Utest page]], When he clicks Join Today on the Utest page [Carlos join today [Carlos clicks on Click in the button Join Today]], And he enters the data required in the first registration step
| first_name | last_name | email_address | month_bird | day_bird | year_bird | language |
| Carlos | Castro | castro@correochouc.com | December | 3 | 1997 | Spanish | [Carlos enters [Carlos enters 'Carlos' into Where we write the first name, Carlos enters 'Castro' into Where we write the last name, Carlos enters 'castro@correochouc.com' into Where we write the email address, Carlos select December on Click on the month of date birth, Carlos select 3 on Click on the day of date birth, Carlos select 1997 on Click on the year of date birth, Carlos enters 'Spanish' into Where we write the native language, Carlos types 'ENTER' in Where we write the native language, Carlos clicks on Click on the button for the steps next]], And he enters the data required in the second registration step
| city | postal_code | country |
| Bello, Antioquia | 050044 | Colombia | [Carlos enters two [Carlos clicks on Where we write the city, Carlos clears field Where we write the city, Carlos enters 'Bello, Antioquia' into Where we write the city, Carlos types 'DOWN' in Where we write the city, Carlos types 'ENTER' in Where we write the city, Carlos enters '050044' into Where we write the code postal, Carlos clicks on Where we write the country, Carlos enters 'Colombia' into Where we write the country, Carlos types 'ENTER' in Where we write the country]]
[Test worker] WARN net.thucydides.core.steps.BaseStepListener - stepStarted: net.thucydides.core.steps.ExecutedStepDescription@7db40fd5
[Test worker] WARN net.thucydides.core.steps.BaseStepListener - stepFinished: current outcome:Register on the Utest.com page:Given than Carlos is on the Utest page [Carlos open up [Carlos opens the Utest page]], When he clicks Join Today on the Utest page [Carlos join today [Carlos clicks on Click in the button Join Today]], And he enters the data required in the first registration step
| first_name | last_name | email_address | month_bird | day_bird | year_bird | language |
| Carlos | Castro | castro@correochouc.com | December | 3 | 1997 | Spanish | [Carlos enters [Carlos enters 'Carlos' into Where we write the first name, Carlos enters 'Castro' into Where we write the last name, Carlos enters 'castro@correochouc.com' into Where we write the email address, Carlos select December on Click on the month of date birth, Carlos select 3 on Click on the day of date birth, Carlos select 1997 on Click on the year of date birth, Carlos enters 'Spanish' into Where we write the native language, Carlos types 'ENTER' in Where we write the native language, Carlos clicks on Click on the button for the steps next]], And he enters the data required in the second registration step
| city | postal_code | country |
| Bello, Antioquia | 050044 | Colombia | [Carlos enters two [Carlos clicks on Where we write the city, Carlos clears field Where we write the city, Carlos enters 'Bello, Antioquia' into Where we write the city, Carlos types 'DOWN' in Where we write the city, Carlos types 'ENTER' in Where we write the city, Carlos enters '050044' into Where we write the code postal, Carlos clicks on Where we write the country, Carlos enters 'Colombia' into Where we write the country, Carlos types 'ENTER' in Where we write the country, Carlos clicks on Click on the button for the steps next]]
[Test worker] WARN net.thucydides.core.steps.BaseStepListener - stepFinished: current outcome:Register on the Utest.com page:Given than Carlos is on the Utest page [Carlos open up [Carlos opens the Utest page]], When he clicks Join Today on the Utest page [Carlos join today [Carlos clicks on Click in the button Join Today]], And he enters the data required in the first registration step
| first_name | last_name | email_address | month_bird | day_bird | year_bird | language |
| Carlos | Castro | castro@correochouc.com | December | 3 | 1997 | Spanish | [Carlos enters [Carlos enters 'Carlos' into Where we write the first name, Carlos enters 'Castro' into Where we write the last name, Carlos enters 'castro@correochouc.com' into Where we write the email address, Carlos select December on Click on the month of date birth, Carlos select 3 on Click on the day of date birth, Carlos select 1997 on Click on the year of date birth, Carlos enters 'Spanish' into Where we write the native language, Carlos types 'ENTER' in Where we write the native language, Carlos clicks on Click on the button for the steps next]], And he enters the data required in the second registration step
| city | postal_code | country |
| Bello, Antioquia | 050044 | Colombia | [Carlos enters two [Carlos clicks on Where we write the city, Carlos clears field Where we write the city, Carlos enters 'Bello, Antioquia' into Where we write the city, Carlos types 'DOWN' in Where we write the city, Carlos types 'ENTER' in Where we write the city, Carlos enters '050044' into Where we write the code postal, Carlos clicks on Where we write the country, Carlos enters 'Colombia' into Where we write the country, Carlos types 'ENTER' in Where we write the country, Carlos clicks on Click on the button for the steps next]]
[Test worker] WARN net.thucydides.core.steps.BaseStepListener - stepFinished: current outcome:Register on the Utest.com page:Given than Carlos is on the Utest page [Carlos open up [Carlos opens the Utest page]], When he clicks Join Today on the Utest page [Carlos join today [Carlos clicks on Click in the button Join Today]], And he enters the data required in the first registration step
| first_name | last_name | email_address | month_bird | day_bird | year_bird | language |
| Carlos | Castro | castro@correochouc.com | December | 3 | 1997 | Spanish | [Carlos enters [Carlos enters 'Carlos' into Where we write the first name, Carlos enters 'Castro' into Where we write the last name, Carlos enters 'castro@correochouc.com' into Where we write the email address, Carlos select December on Click on the month of date birth, Carlos select 3 on Click on the day of date birth, Carlos select 1997 on Click on the year of date birth, Carlos enters 'Spanish' into Where we write the native language, Carlos types 'ENTER' in Where we write the native language, Carlos clicks on Click on the button for the steps next]], And he enters the data required in the second registration step
| city | postal_code | country |
| Bello, Antioquia | 050044 | Colombia | [Carlos enters two [Carlos clicks on Where we write the city, Carlos clears field Where we write the city, Carlos enters 'Bello, Antioquia' into Where we write the city, Carlos types 'DOWN' in Where we write the city, Carlos types 'ENTER' in Where we write the city, Carlos enters '050044' into Where we write the code postal, Carlos clicks on Where we write the country, Carlos enters 'Colombia' into Where we write the country, Carlos types 'ENTER' in Where we write the country, Carlos clicks on Click on the button for the steps next]]
[Test worker] WARN net.thucydides.core.steps.BaseStepListener - stepStarted: net.thucydides.core.steps.ExecutedStepDescription@21390938
[Test worker] WARN net.thucydides.core.steps.BaseStepListener - stepStarted: net.thucydides.core.steps.ExecutedStepDescription@101cf747
[Test worker] WARN net.thucydides.core.steps.BaseStepListener - stepStarted: net.thucydides.core.steps.ExecutedStepDescription@5a05dd30
[Test worker] WARN net.thucydides.core.steps.BaseStepListener - stepFinished: current outcome:Register on the Utest.com page:Given than Carlos is on the Utest page [Carlos open up [Carlos opens the Utest page]], When he clicks Join Today on the Utest page [Carlos join today [Carlos clicks on Click in the button Join Today]], And he enters the data required in the first registration step
| first_name | last_name | email_address | month_bird | day_bird | year_bird | language |
| Carlos | Castro | castro@correochouc.com | December | 3 | 1997 | Spanish | [Carlos enters [Carlos enters 'Carlos' into Where we write the first name, Carlos enters 'Castro' into Where we write the last name, Carlos enters 'castro@correochouc.com' into Where we write the email address, Carlos select December on Click on the month of date birth, Carlos select 3 on Click on the day of date birth, Carlos select 1997 on Click on the year of date birth, Carlos enters 'Spanish' into Where we write the native language, Carlos types 'ENTER' in Where we write the native language, Carlos clicks on Click on the button for the steps next]], And he enters the data required in the second registration step
| city | postal_code | country |
| Bello, Antioquia | 050044 | Colombia | [Carlos enters two [Carlos clicks on Where we write the city, Carlos clears field Where we write the city, Carlos enters 'Bello, Antioquia' into Where we write the city, Carlos types 'DOWN' in Where we write the city, Carlos types 'ENTER' in Where we write the city, Carlos enters '050044' into Where we write the code postal, Carlos clicks on Where we write the country, Carlos enters 'Colombia' into Where we write the country, Carlos types 'ENTER' in Where we write the country, Carlos clicks on Click on the button for the steps next]], And he enters the data required in the third registration step
| computer | version | language_computer | mobile_device | model | operating_system |
| Windows | Windows 10 Education | Spanish | Motorola | Moto G9 Plus | Android 10 | [Carlos enters three [Carlos clicks on Click on the operating system of the computer]]
[Test worker] WARN net.thucydides.core.steps.BaseStepListener - stepStarted: net.thucydides.core.steps.ExecutedStepDescription@26be9a6
[Test worker] WARN net.thucydides.core.steps.BaseStepListener - stepFinished: current outcome:Register on the Utest.com page:Given than Carlos is on the Utest page [Carlos open up [Carlos opens the Utest page]], When he clicks Join Today on the Utest page [Carlos join today [Carlos clicks on Click in the button Join Today]], And he enters the data required in the first registration step
| first_name | last_name | email_address | month_bird | day_bird | year_bird | language |
| Carlos | Castro | castro@correochouc.com | December | 3 | 1997 | Spanish | [Carlos enters [Carlos enters 'Carlos' into Where we write the first name, Carlos enters 'Castro' into Where we write the last name, Carlos enters 'castro@correochouc.com' into Where we write the email address, Carlos select December on Click on the month of date birth, Carlos select 3 on Click on the day of date birth, Carlos select 1997 on Click on the year of date birth, Carlos enters 'Spanish' into Where we write the native language, Carlos types 'ENTER' in Where we write the native language, Carlos clicks on Click on the button for the steps next]], And he enters the data required in the second registration step
| city | postal_code | country |
| Bello, Antioquia | 050044 | Colombia | [Carlos enters two [Carlos clicks on Where we write the city, Carlos clears field Where we write the city, Carlos enters 'Bello, Antioquia' into Where we write the city, Carlos types 'DOWN' in Where we write the city, Carlos types 'ENTER' in Where we write the city, Carlos enters '050044' into Where we write the code postal, Carlos clicks on Where we write the country, Carlos enters 'Colombia' into Where we write the country, Carlos types 'ENTER' in Where we write the country, Carlos clicks on Click on the button for the steps next]], And he enters the data required in the third registration step
| computer | version | language_computer | mobile_device | model | operating_system |
| Windows | Windows 10 Education | Spanish | Motorola | Moto G9 Plus | Android 10 | [Carlos enters three [Carlos clicks on Click on the operating system of the computer, Carlos enters 'Windows' into write the operating system of the computer]]
[Test worker] WARN net.thucydides.core.steps.BaseStepListener - stepStarted: net.thucydides.core.steps.ExecutedStepDescription@24a0c58b
[Test worker] WARN net.thucydides.core.steps.BaseStepListener - stepFinished: current outcome:Register on the Utest.com page:Given than Carlos is on the Utest page [Carlos open up [Carlos opens the Utest page]], When he clicks Join Today on the Utest page [Carlos join today [Carlos clicks on Click in the button Join Today]], And he enters the data required in the first registration step
| first_name | last_name | email_address | month_bird | day_bird | year_bird | language |
| Carlos | Castro | castro@correochouc.com | December | 3 | 1997 | Spanish | [Carlos enters [Carlos enters 'Carlos' into Where we write the first name, Carlos enters 'Castro' into Where we write the last name, Carlos enters 'castro@correochouc.com' into Where we write the email address, Carlos select December on Click on the month of date birth, Carlos select 3 on Click on the day of date birth, Carlos select 1997 on Click on the year of date birth, Carlos enters 'Spanish' into Where we write the native language, Carlos types 'ENTER' in Where we write the native language, Carlos clicks on Click on the button for the steps next]], And he enters the data required in the second registration step
| city | postal_code | country |
| Bello, Antioquia | 050044 | Colombia | [Carlos enters two [Carlos clicks on Where we write the city, Carlos clears field Where we write the city, Carlos enters 'Bello, Antioquia' into Where we write the city, Carlos types 'DOWN' in Where we write the city, Carlos types 'ENTER' in Where we write the city, Carlos enters '050044' into Where we write the code postal, Carlos clicks on Where we write the country, Carlos enters 'Colombia' into Where we write the country, Carlos types 'ENTER' in Where we write the country, Carlos clicks on Click on the button for the steps next]], And he enters the data required in the third registration step
| computer | version | language_computer | mobile_device | model | operating_system |
| Windows | Windows 10 Education | Spanish | Motorola | Moto G9 Plus | Android 10 | [Carlos enters three [Carlos clicks on Click on the operating system of the computer, Carlos enters 'Windows' into write the operating system of the computer, Carlos types 'ENTER' in write the operating system of the computer]]
[Test worker] WARN net.thucydides.core.steps.BaseStepListener - stepStarted: net.thucydides.core.steps.ExecutedStepDescription@1e40fbb3
[Test worker] WARN net.thucydides.core.steps.BaseStepListener - stepFinished: current outcome:Register on the Utest.com page:Given than Carlos is on the Utest page [Carlos open up [Carlos opens the Utest page]], When he clicks Join Today on the Utest page [Carlos join today [Carlos clicks on Click in the button Join Today]], And he enters the data required in the first registration step
| first_name | last_name | email_address | month_bird | day_bird | year_bird | language |
| Carlos | Castro | castro@correochouc.com | December | 3 | 1997 | Spanish | [Carlos enters [Carlos enters 'Carlos' into Where we write the first name, Carlos enters 'Castro' into Where we write the last name, Carlos enters 'castro@correochouc.com' into Where we write the email address, Carlos select December on Click on the month of date birth, Carlos select 3 on Click on the day of date birth, Carlos select 1997 on Click on the year of date birth, Carlos enters 'Spanish' into Where we write the native language, Carlos types 'ENTER' in Where we write the native language, Carlos clicks on Click on the button for the steps next]], And he enters the data required in the second registration step
| city | postal_code | country |
| Bello, Antioquia | 050044 | Colombia | [Carlos enters two [Carlos clicks on Where we write the city, Carlos clears field Where we write the city, Carlos enters 'Bello, Antioquia' into Where we write the city, Carlos types 'DOWN' in Where we write the city, Carlos types 'ENTER' in Where we write the city, Carlos enters '050044' into Where we write the code postal, Carlos clicks on Where we write the country, Carlos enters 'Colombia' into Where we write the country, Carlos types 'ENTER' in Where we write the country, Carlos clicks on Click on the button for the steps next]], And he enters the data required in the third registration step
| computer | version | language_computer | mobile_device | model | operating_system |
| Windows | Windows 10 Education | Spanish | Motorola | Moto G9 Plus | Android 10 | [Carlos enters three [Carlos clicks on Click on the operating system of the computer, Carlos enters 'Windows' into write the operating system of the computer, Carlos types 'ENTER' in write the operating system of the computer, Carlos clicks on Click on the version operating system of the computer]]
[Test worker] WARN net.thucydides.core.steps.BaseStepListener - stepStarted: net.thucydides.core.steps.ExecutedStepDescription@1e226bcd
[Test worker] WARN net.thucydides.core.steps.BaseStepListener - stepFinished: current outcome:Register on the Utest.com page:Given than Carlos is on the Utest page [Carlos open up [Carlos opens the Utest page]], When he clicks Join Today on the Utest page [Carlos join today [Carlos clicks on Click in the button Join Today]], And he enters the data required in the first registration step
| first_name | last_name | email_address | month_bird | day_bird | year_bird | language |
| Carlos | Castro | castro@correochouc.com | December | 3 | 1997 | Spanish | [Carlos enters [Carlos enters 'Carlos' into Where we write the first name, Carlos enters 'Castro' into Where we write the last name, Carlos enters 'castro@correochouc.com' into Where we write the email address, Carlos select December on Click on the month of date birth, Carlos select 3 on Click on the day of date birth, Carlos select 1997 on Click on the year of date birth, Carlos enters 'Spanish' into Where we write the native language, Carlos types 'ENTER' in Where we write the native language, Carlos clicks on Click on the button for the steps next]], And he enters the data required in the second registration step
| city | postal_code | country |
| Bello, Antioquia | 050044 | Colombia | [Carlos enters two [Carlos clicks on Where we write the city, Carlos clears field Where we write the city, Carlos enters 'Bello, Antioquia' into Where we write the city, Carlos types 'DOWN' in Where we write the city, Carlos types 'ENTER' in Where we write the city, Carlos enters '050044' into Where we write the code postal, Carlos clicks on Where we write the country, Carlos enters 'Colombia' into Where we write the country, Carlos types 'ENTER' in Where we write the country, Carlos clicks on Click on the button for the steps next]], And he enters the data required in the third registration step
| computer | version | language_computer | mobile_device | model | operating_system |
| Windows | Windows 10 Education | Spanish | Motorola | Moto G9 Plus | Android 10 | [Carlos enters three [Carlos clicks on Click on the operating system of the computer, Carlos enters 'Windows' into write the operating system of the computer, Carlos types 'ENTER' in write the operating system of the computer, Carlos clicks on Click on the version operating system of the computer, Carlos enters 'Windows 10 Education' into write the version operating system of the computer]]
[Test worker] WARN net.thucydides.core.steps.BaseStepListener - stepStarted: net.thucydides.core.steps.ExecutedStepDescription@5c8d58ed
[Test worker] WARN net.thucydides.core.steps.BaseStepListener - stepFinished: current outcome:Register on the Utest.com page:Given than Carlos is on the Utest page [Carlos open up [Carlos opens the Utest page]], When he clicks Join Today on the Utest page [Carlos join today [Carlos clicks on Click in the button Join Today]], And he enters the data required in the first registration step
| first_name | last_name | email_address | month_bird | day_bird | year_bird | language |
| Carlos | Castro | castro@correochouc.com | December | 3 | 1997 | Spanish | [Carlos enters [Carlos enters 'Carlos' into Where we write the first name, Carlos enters 'Castro' into Where we write the last name, Carlos enters 'castro@correochouc.com' into Where we write the email address, Carlos select December on Click on the month of date birth, Carlos select 3 on Click on the day of date birth, Carlos select 1997 on Click on the year of date birth, Carlos enters 'Spanish' into Where we write the native language, Carlos types 'ENTER' in Where we write the native language, Carlos clicks on Click on the button for the steps next]], And he enters the data required in the second registration step
| city | postal_code | country |
| Bello, Antioquia | 050044 | Colombia | [Carlos enters two [Carlos clicks on Where we write the city, Carlos clears field Where we write the city, Carlos enters 'Bello, Antioquia' into Where we write the city, Carlos types 'DOWN' in Where we write the city, Carlos types 'ENTER' in Where we write the city, Carlos enters '050044' into Where we write the code postal, Carlos clicks on Where we write the country, Carlos enters 'Colombia' into Where we write the country, Carlos types 'ENTER' in Where we write the country, Carlos clicks on Click on the button for the steps next]], And he enters the data required in the third registration step
| computer | version | language_computer | mobile_device | model | operating_system |
| Windows | Windows 10 Education | Spanish | Motorola | Moto G9 Plus | Android 10 | [Carlos enters three [Carlos clicks on Click on the operating system of the computer, Carlos enters 'Windows' into write the operating system of the computer, Carlos types 'ENTER' in write the operating system of the computer, Carlos clicks on Click on the version operating system of the computer, Carlos enters 'Windows 10 Education' into write the version operating system of the computer, Carlos types 'ENTER' in write the version operating system of the computer]]
[Test worker] WARN net.thucydides.core.steps.BaseStepListener - stepStarted: net.thucydides.core.steps.ExecutedStepDescription@538a2f0e
[Test worker] WARN net.thucydides.core.steps.BaseStepListener - stepFinished: current outcome:Register on the Utest.com page:Given than Carlos is on the Utest page [Carlos open up [Carlos opens the Utest page]], When he clicks Join Today on the Utest page [Carlos join today [Carlos clicks on Click in the button Join Today]], And he enters the data required in the first registration step
| first_name | last_name | email_address | month_bird | day_bird | year_bird | language |
| Carlos | Castro | castro@correochouc.com | December | 3 | 1997 | Spanish | [Carlos enters [Carlos enters 'Carlos' into Where we write the first name, Carlos enters 'Castro' into Where we write the last name, Carlos enters 'castro@correochouc.com' into Where we write the email address, Carlos select December on Click on the month of date birth, Carlos select 3 on Click on the day of date birth, Carlos select 1997 on Click on the year of date birth, Carlos enters 'Spanish' into Where we write the native language, Carlos types 'ENTER' in Where we write the native language, Carlos clicks on Click on the button for the steps next]], And he enters the data required in the second registration step
| city | postal_code | country |
| Bello, Antioquia | 050044 | Colombia | [Carlos enters two [Carlos clicks on Where we write the city, Carlos clears field Where we write the city, Carlos enters 'Bello, Antioquia' into Where we write the city, Carlos types 'DOWN' in Where we write the city, Carlos types 'ENTER' in Where we write the city, Carlos enters '050044' into Where we write the code postal, Carlos clicks on Where we write the country, Carlos enters 'Colombia' into Where we write the country, Carlos types 'ENTER' in Where we write the country, Carlos clicks on Click on the button for the steps next]], And he enters the data required in the third registration step
| computer | version | language_computer | mobile_device | model | operating_system |
| Windows | Windows 10 Education | Spanish | Motorola | Moto G9 Plus | Android 10 | [Carlos enters three [Carlos clicks on Click on the operating system of the computer, Carlos enters 'Windows' into write the operating system of the computer, Carlos types 'ENTER' in write the operating system of the computer, Carlos clicks on Click on the version operating system of the computer, Carlos enters 'Windows 10 Education' into write the version operating system of the computer, Carlos types 'ENTER' in write the version operating system of the computer, Carlos clicks on Click on the language operating system of the computer]]
[Test worker] WARN net.thucydides.core.steps.BaseStepListener - stepStarted: net.thucydides.core.steps.ExecutedStepDescription@64656b9e
[Test worker] WARN net.thucydides.core.steps.BaseStepListener - stepFinished: current outcome:Register on the Utest.com page:Given than Carlos is on the Utest page [Carlos open up [Carlos opens the Utest page]], When he clicks Join Today on the Utest page [Carlos join today [Carlos clicks on Click in the button Join Today]], And he enters the data required in the first registration step
| first_name | last_name | email_address | month_bird | day_bird | year_bird | language |
| Carlos | Castro | castro@correochouc.com | December | 3 | 1997 | Spanish | [Carlos enters [Carlos enters 'Carlos' into Where we write the first name, Carlos enters 'Castro' into Where we write the last name, Carlos enters 'castro@correochouc.com' into Where we write the email address, Carlos select December on Click on the month of date birth, Carlos select 3 on Click on the day of date birth, Carlos select 1997 on Click on the year of date birth, Carlos enters 'Spanish' into Where we write the native language, Carlos types 'ENTER' in Where we write the native language, Carlos clicks on Click on the button for the steps next]], And he enters the data required in the second registration step
| city | postal_code | country |
| Bello, Antioquia | 050044 | Colombia | [Carlos enters two [Carlos clicks on Where we write the city, Carlos clears field Where we write the city, Carlos enters 'Bello, Antioquia' into Where we write the city, Carlos types 'DOWN' in Where we write the city, Carlos types 'ENTER' in Where we write the city, Carlos enters '050044' into Where we write the code postal, Carlos clicks on Where we write the country, Carlos enters 'Colombia' into Where we write the country, Carlos types 'ENTER' in Where we write the country, Carlos clicks on Click on the button for the steps next]], And he enters the data required in the third registration step
| computer | version | language_computer | mobile_device | model | operating_system |
| Windows | Windows 10 Education | Spanish | Motorola | Moto G9 Plus | Android 10 | [Carlos enters three [Carlos clicks on Click on the operating system of the computer, Carlos enters 'Windows' into write the operating system of the computer, Carlos types 'ENTER' in write the operating system of the computer, Carlos clicks on Click on the version operating system of the computer, Carlos enters 'Windows 10 Education' into write the version operating system of the computer, Carlos types 'ENTER' in write the version operating system of the computer, Carlos clicks on Click on the language operating system of the computer, Carlos enters 'Spanish' into write the language operating system of the computer]]
[Test worker] WARN net.thucydides.core.steps.BaseStepListener - stepStarted: net.thucydides.core.steps.ExecutedStepDescription@6f50d55c
[Test worker] WARN net.thucydides.core.steps.BaseStepListener - stepFinished: current outcome:Register on the Utest.com page:Given than Carlos is on the Utest page [Carlos open up [Carlos opens the Utest page]], When he clicks Join Today on the Utest page [Carlos join today [Carlos clicks on Click in the button Join Today]], And he enters the data required in the first registration step
| first_name | last_name | email_address | month_bird | day_bird | year_bird | language |
| Carlos | Castro | castro@correochouc.com | December | 3 | 1997 | Spanish | [Carlos enters [Carlos enters 'Carlos' into Where we write the first name, Carlos enters 'Castro' into Where we write the last name, Carlos enters 'castro@correochouc.com' into Where we write the email address, Carlos select December on Click on the month of date birth, Carlos select 3 on Click on the day of date birth, Carlos select 1997 on Click on the year of date birth, Carlos enters 'Spanish' into Where we write the native language, Carlos types 'ENTER' in Where we write the native language, Carlos clicks on Click on the button for the steps next]], And he enters the data required in the second registration step
| city | postal_code | country |
| Bello, Antioquia | 050044 | Colombia | [Carlos enters two [Carlos clicks on Where we write the city, Carlos clears field Where we write the city, Carlos enters 'Bello, Antioquia' into Where we write the city, Carlos types 'DOWN' in Where we write the city, Carlos types 'ENTER' in Where we write the city, Carlos enters '050044' into Where we write the code postal, Carlos clicks on Where we write the country, Carlos enters 'Colombia' into Where we write the country, Carlos types 'ENTER' in Where we write the country, Carlos clicks on Click on the button for the steps next]], And he enters the data required in the third registration step
| computer | version | language_computer | mobile_device | model | operating_system |
| Windows | Windows 10 Education | Spanish | Motorola | Moto G9 Plus | Android 10 | [Carlos enters three [Carlos clicks on Click on the operating system of the computer, Carlos enters 'Windows' into write the operating system of the computer, Carlos types 'ENTER' in write the operating system of the computer, Carlos clicks on Click on the version operating system of the computer, Carlos enters 'Windows 10 Education' into write the version operating system of the computer, Carlos types 'ENTER' in write the version operating system of the computer, Carlos clicks on Click on the language operating system of the computer, Carlos enters 'Spanish' into write the language operating system of the computer, Carlos types 'ENTER' in write the language operating system of the computer]]
[Test worker] WARN net.thucydides.core.steps.BaseStepListener - stepStarted: net.thucydides.core.steps.ExecutedStepDescription@530ee28b
[Test worker] WARN net.thucydides.core.steps.BaseStepListener - stepFinished: current outcome:Register on the Utest.com page:Given than Carlos is on the Utest page [Carlos open up [Carlos opens the Utest page]], When he clicks Join Today on the Utest page [Carlos join today [Carlos clicks on Click in the button Join Today]], And he enters the data required in the first registration step
| first_name | last_name | email_address | month_bird | day_bird | year_bird | language |
| Carlos | Castro | castro@correochouc.com | December | 3 | 1997 | Spanish | [Carlos enters [Carlos enters 'Carlos' into Where we write the first name, Carlos enters 'Castro' into Where we write the last name, Carlos enters 'castro@correochouc.com' into Where we write the email address, Carlos select December on Click on the month of date birth, Carlos select 3 on Click on the day of date birth, Carlos select 1997 on Click on the year of date birth, Carlos enters 'Spanish' into Where we write the native language, Carlos types 'ENTER' in Where we write the native language, Carlos clicks on Click on the button for the steps next]], And he enters the data required in the second registration step
| city | postal_code | country |
| Bello, Antioquia | 050044 | Colombia | [Carlos enters two [Carlos clicks on Where we write the city, Carlos clears field Where we write the city, Carlos enters 'Bello, Antioquia' into Where we write the city, Carlos types 'DOWN' in Where we write the city, Carlos types 'ENTER' in Where we write the city, Carlos enters '050044' into Where we write the code postal, Carlos clicks on Where we write the country, Carlos enters 'Colombia' into Where we write the country, Carlos types 'ENTER' in Where we write the country, Carlos clicks on Click on the button for the steps next]], And he enters the data required in the third registration step
| computer | version | language_computer | mobile_device | model | operating_system |
| Windows | Windows 10 Education | Spanish | Motorola | Moto G9 Plus | Android 10 | [Carlos enters three [Carlos clicks on Click on the operating system of the computer, Carlos enters 'Windows' into write the operating system of the computer, Carlos types 'ENTER' in write the operating system of the computer, Carlos clicks on Click on the version operating system of the computer, Carlos enters 'Windows 10 Education' into write the version operating system of the computer, Carlos types 'ENTER' in write the version operating system of the computer, Carlos clicks on Click on the language operating system of the computer, Carlos enters 'Spanish' into write the language operating system of the computer, Carlos types 'ENTER' in write the language operating system of the computer, Carlos clicks on Click on the name of your mobile device]]
[Test worker] WARN net.thucydides.core.steps.BaseStepListener - stepStarted: net.thucydides.core.steps.ExecutedStepDescription@2055833f
[Test worker] WARN net.thucydides.core.steps.BaseStepListener - stepFinished: current outcome:Register on the Utest.com page:Given than Carlos is on the Utest page [Carlos open up [Carlos opens the Utest page]], When he clicks Join Today on the Utest page [Carlos join today [Carlos clicks on Click in the button Join Today]], And he enters the data required in the first registration step
| first_name | last_name | email_address | month_bird | day_bird | year_bird | language |
| Carlos | Castro | castro@correochouc.com | December | 3 | 1997 | Spanish | [Carlos enters [Carlos enters 'Carlos' into Where we write the first name, Carlos enters 'Castro' into Where we write the last name, Carlos enters 'castro@correochouc.com' into Where we write the email address, Carlos select December on Click on the month of date birth, Carlos select 3 on Click on the day of date birth, Carlos select 1997 on Click on the year of date birth, Carlos enters 'Spanish' into Where we write the native language, Carlos types 'ENTER' in Where we write the native language, Carlos clicks on Click on the button for the steps next]], And he enters the data required in the second registration step
| city | postal_code | country |
| Bello, Antioquia | 050044 | Colombia | [Carlos enters two [Carlos clicks on Where we write the city, Carlos clears field Where we write the city, Carlos enters 'Bello, Antioquia' into Where we write the city, Carlos types 'DOWN' in Where we write the city, Carlos types 'ENTER' in Where we write the city, Carlos enters '050044' into Where we write the code postal, Carlos clicks on Where we write the country, Carlos enters 'Colombia' into Where we write the country, Carlos types 'ENTER' in Where we write the country, Carlos clicks on Click on the button for the steps next]], And he enters the data required in the third registration step
| computer | version | language_computer | mobile_device | model | operating_system |
| Windows | Windows 10 Education | Spanish | Motorola | Moto G9 Plus | Android 10 | [Carlos enters three [Carlos clicks on Click on the operating system of the computer, Carlos enters 'Windows' into write the operating system of the computer, Carlos types 'ENTER' in write the operating system of the computer, Carlos clicks on Click on the version operating system of the computer, Carlos enters 'Windows 10 Education' into write the version operating system of the computer, Carlos types 'ENTER' in write the version operating system of the computer, Carlos clicks on Click on the language operating system of the computer, Carlos enters 'Spanish' into write the language operating system of the computer, Carlos types 'ENTER' in write the language operating system of the computer, Carlos clicks on Click on the name of your mobile device, Carlos enters 'Motorola' into write the name of your mobile device]]
[Test worker] WARN net.thucydides.core.steps.BaseStepListener - stepStarted: net.thucydides.core.steps.ExecutedStepDescription@29c53c4f
[Test worker] WARN net.thucydides.core.steps.BaseStepListener - stepFinished: current outcome:Register on the Utest.com page:Given than Carlos is on the Utest page [Carlos open up [Carlos opens the Utest page]], When he clicks Join Today on the Utest page [Carlos join today [Carlos clicks on Click in the button Join Today]], And he enters the data required in the first registration step
| first_name | last_name | email_address | month_bird | day_bird | year_bird | language |
| Carlos | Castro | castro@correochouc.com | December | 3 | 1997 | Spanish | [Carlos enters [Carlos enters 'Carlos' into Where we write the first name, Carlos enters 'Castro' into Where we write the last name, Carlos enters 'castro@correochouc.com' into Where we write the email address, Carlos select December on Click on the month of date birth, Carlos select 3 on Click on the day of date birth, Carlos select 1997 on Click on the year of date birth, Carlos enters 'Spanish' into Where we write the native language, Carlos types 'ENTER' in Where we write the native language, Carlos clicks on Click on the button for the steps next]], And he enters the data required in the second registration step
| city | postal_code | country |
| Bello, Antioquia | 050044 | Colombia | [Carlos enters two [Carlos clicks on Where we write the city, Carlos clears field Where we write the city, Carlos enters 'Bello, Antioquia' into Where we write the city, Carlos types 'DOWN' in Where we write the city, Carlos types 'ENTER' in Where we write the city, Carlos enters '050044' into Where we write the code postal, Carlos clicks on Where we write the country, Carlos enters 'Colombia' into Where we write the country, Carlos types 'ENTER' in Where we write the country, Carlos clicks on Click on the button for the steps next]], And he enters the data required in the third registration step
| computer | version | language_computer | mobile_device | model | operating_system |
| Windows | Windows 10 Education | Spanish | Motorola | Moto G9 Plus | Android 10 | [Carlos enters three [Carlos clicks on Click on the operating system of the computer, Carlos enters 'Windows' into write the operating system of the computer, Carlos types 'ENTER' in write the operating system of the computer, Carlos clicks on Click on the version operating system of the computer, Carlos enters 'Windows 10 Education' into write the version operating system of the computer, Carlos types 'ENTER' in write the version operating system of the computer, Carlos clicks on Click on the language operating system of the computer, Carlos enters 'Spanish' into write the language operating system of the computer, Carlos types 'ENTER' in write the language operating system of the computer, Carlos clicks on Click on the name of your mobile device, Carlos enters 'Motorola' into write the name of your mobile device, Carlos types 'ENTER' in write the name of your mobile device]]
[Test worker] WARN net.thucydides.core.steps.BaseStepListener - stepStarted: net.thucydides.core.steps.ExecutedStepDescription@3ab595c8
[Test worker] WARN net.thucydides.core.steps.BaseStepListener - stepFinished: current outcome:Register on the Utest.com page:Given than Carlos is on the Utest page [Carlos open up [Carlos opens the Utest page]], When he clicks Join Today on the Utest page [Carlos join today [Carlos clicks on Click in the button Join Today]], And he enters the data required in the first registration step
| first_name | last_name | email_address | month_bird | day_bird | year_bird | language |
| Carlos | Castro | castro@correochouc.com | December | 3 | 1997 | Spanish | [Carlos enters [Carlos enters 'Carlos' into Where we write the first name, Carlos enters 'Castro' into Where we write the last name, Carlos enters 'castro@correochouc.com' into Where we write the email address, Carlos select December on Click on the month of date birth, Carlos select 3 on Click on the day of date birth, Carlos select 1997 on Click on the year of date birth, Carlos enters 'Spanish' into Where we write the native language, Carlos types 'ENTER' in Where we write the native language, Carlos clicks on Click on the button for the steps next]], And he enters the data required in the second registration step
| city | postal_code | country |
| Bello, Antioquia | 050044 | Colombia | [Carlos enters two [Carlos clicks on Where we write the city, Carlos clears field Where we write the city, Carlos enters 'Bello, Antioquia' into Where we write the city, Carlos types 'DOWN' in Where we write the city, Carlos types 'ENTER' in Where we write the city, Carlos enters '050044' into Where we write the code postal, Carlos clicks on Where we write the country, Carlos enters 'Colombia' into Where we write the country, Carlos types 'ENTER' in Where we write the country, Carlos clicks on Click on the button for the steps next]], And he enters the data required in the third registration step
| computer | version | language_computer | mobile_device | model | operating_system |
| Windows | Windows 10 Education | Spanish | Motorola | Moto G9 Plus | Android 10 | [Carlos enters three [Carlos clicks on Click on the operating system of the computer, Carlos enters 'Windows' into write the operating system of the computer, Carlos types 'ENTER' in write the operating system of the computer, Carlos clicks on Click on the version operating system of the computer, Carlos enters 'Windows 10 Education' into write the version operating system of the computer, Carlos types 'ENTER' in write the version operating system of the computer, Carlos clicks on Click on the language operating system of the computer, Carlos enters 'Spanish' into write the language operating system of the computer, Carlos types 'ENTER' in write the language operating system of the computer, Carlos clicks on Click on the name of your mobile device, Carlos enters 'Motorola' into write the name of your mobile device, Carlos types 'ENTER' in write the name of your mobile device, Carlos clicks on Click on the model of your mobile device]]
[Test worker] WARN net.thucydides.core.steps.BaseStepListener - stepStarted: net.thucydides.core.steps.ExecutedStepDescription@17ec335a
[Test worker] WARN net.thucydides.core.steps.BaseStepListener - stepFinished: current outcome:Register on the Utest.com page:Given than Carlos is on the Utest page [Carlos open up [Carlos opens the Utest page]], When he clicks Join Today on the Utest page [Carlos join today [Carlos clicks on Click in the button Join Today]], And he enters the data required in the first registration step
| first_name | last_name | email_address | month_bird | day_bird | year_bird | language |
| Carlos | Castro | castro@correochouc.com | December | 3 | 1997 | Spanish | [Carlos enters [Carlos enters 'Carlos' into Where we write the first name, Carlos enters 'Castro' into Where we write the last name, Carlos enters 'castro@correochouc.com' into Where we write the email address, Carlos select December on Click on the month of date birth, Carlos select 3 on Click on the day of date birth, Carlos select 1997 on Click on the year of date birth, Carlos enters 'Spanish' into Where we write the native language, Carlos types 'ENTER' in Where we write the native language, Carlos clicks on Click on the button for the steps next]], And he enters the data required in the second registration step
| city | postal_code | country |
| Bello, Antioquia | 050044 | Colombia | [Carlos enters two [Carlos clicks on Where we write the city, Carlos clears field Where we write the city, Carlos enters 'Bello, Antioquia' into Where we write the city, Carlos types 'DOWN' in Where we write the city, Carlos types 'ENTER' in Where we write the city, Carlos enters '050044' into Where we write the code postal, Carlos clicks on Where we write the country, Carlos enters 'Colombia' into Where we write the country, Carlos types 'ENTER' in Where we write the country, Carlos clicks on Click on the button for the steps next]], And he enters the data required in the third registration step
| computer | version | language_computer | mobile_device | model | operating_system |
| Windows | Windows 10 Education | Spanish | Motorola | Moto G9 Plus | Android 10 | [Carlos enters three [Carlos clicks on Click on the operating system of the computer, Carlos enters 'Windows' into write the operating system of the computer, Carlos types 'ENTER' in write the operating system of the computer, Carlos clicks on Click on the version operating system of the computer, Carlos enters 'Windows 10 Education' into write the version operating system of the computer, Carlos types 'ENTER' in write the version operating system of the computer, Carlos clicks on Click on the language operating system of the computer, Carlos enters 'Spanish' into write the language operating system of the computer, Carlos types 'ENTER' in write the language operating system of the computer, Carlos clicks on Click on the name of your mobile device, Carlos enters 'Motorola' into write the name of your mobile device, Carlos types 'ENTER' in write the name of your mobile device, Carlos clicks on Click on the model of your mobile device, Carlos enters 'Moto G9 Plus' into write the model of your mobile device]]
[Test worker] WARN net.thucydides.core.steps.BaseStepListener - stepStarted: net.thucydides.core.steps.ExecutedStepDescription@d25e878
[Test worker] WARN net.thucydides.core.steps.BaseStepListener - stepFinished: current outcome:Register on the Utest.com page:Given than Carlos is on the Utest page [Carlos open up [Carlos opens the Utest page]], When he clicks Join Today on the Utest page [Carlos join today [Carlos clicks on Click in the button Join Today]], And he enters the data required in the first registration step
| first_name | last_name | email_address | month_bird | day_bird | year_bird | language |
| Carlos | Castro | castro@correochouc.com | December | 3 | 1997 | Spanish | [Carlos enters [Carlos enters 'Carlos' into Where we write the first name, Carlos enters 'Castro' into Where we write the last name, Carlos enters 'castro@correochouc.com' into Where we write the email address, Carlos select December on Click on the month of date birth, Carlos select 3 on Click on the day of date birth, Carlos select 1997 on Click on the year of date birth, Carlos enters 'Spanish' into Where we write the native language, Carlos types 'ENTER' in Where we write the native language, Carlos clicks on Click on the button for the steps next]], And he enters the data required in the second registration step
| city | postal_code | country |
[...]
| computer | version | language_computer | mobile_device | model | operating_system |
| Windows | Windows 10 Education | Spanish | Motorola | Moto G9 Plus | Android 10 | [Carlos enters three [Carlos clicks on Click on the operating system of the computer, Carlos enters 'Windows' into write the operating system of the computer, Carlos types 'ENTER' in write the operating system of the computer, Carlos clicks on Click on the version operating system of the computer, Carlos enters 'Windows 10 Education' into write the version operating system of the computer, Carlos types 'ENTER' in write the version operating system of the computer, Carlos clicks on Click on the language operating system of the computer, Carlos enters 'Spanish' into write the language operating system of the computer, Carlos types 'ENTER' in write the language operating system of the computer, Carlos clicks on Click on the name of your mobile device, Carlos enters 'Motorola' into write the name of your mobile device, Carlos types 'ENTER' in write the name of your mobile device, Carlos clicks on Click on the model of your mobile device, Carlos enters 'Moto G9 Plus' into write the model of your mobile device, Carlos types 'ENTER' in write the model of your mobile device, Carlos clicks on Click on the operating system of the mobile device, Carlos enters 'Android 10' into write the operating system of the mobile device, Carlos types 'ENTER' in write the operating system of the mobile device, Carlos clicks on Click on the button for the steps next]], And he enters the data required in the fourth registration step
| password | repeat_password |
| Asdfghjkl123*a | Asdfghjkl123*a | [Carlos enters four [Carlos enters 'Asdfghjkl123*a' into Where we create the password, Carlos enters 'Asdfghjkl123*a' into Where we repeat the password]], And he accept the terms of use, the guidelines and the privacy and security policy of utest [Carlos accept [Carlos clicks on Where we accept the terms of use and the guidelines of Utest, Carlos clicks on Where we accept the policy of privacy and security of Utest, Carlos clicks on Click on the button to finish]]
[Test worker] WARN net.thucydides.core.steps.BaseStepListener - stepFinished: current outcome:Register on the Utest.com page:Given than Carlos is on the Utest page [Carlos open up [Carlos opens the Utest page]], When he clicks Join Today on the Utest page [Carlos join today [Carlos clicks on Click in the button Join Today]], And he enters the data required in the first registration step
| first_name | last_name | email_address | month_bird | day_bird | year_bird | language |
| Carlos | Castro | castro@correochouc.com | December | 3 | 1997 | Spanish | [Carlos enters [Carlos enters 'Carlos' into Where we write the first name, Carlos enters 'Castro' into Where we write the last name, Carlos enters 'castro@correochouc.com' into Where we write the email address, Carlos select December on Click on the month of date birth, Carlos select 3 on Click on the day of date birth, Carlos select 1997 on Click on the year of date birth, Carlos enters 'Spanish' into Where we write the native language, Carlos types 'ENTER' in Where we write the native language, Carlos clicks on Click on the button for the steps next]], And he enters the data required in the second registration step
| city | postal_code | country |
| Bello, Antioquia | 050044 | Colombia | [Carlos enters two [Carlos clicks on Where we write the city, Carlos clears field Where we write the city, Carlos enters 'Bello, Antioquia' into Where we write the city, Carlos types 'DOWN' in Where we write the city, Carlos types 'ENTER' in Where we write the city, Carlos enters '050044' into Where we write the code postal, Carlos clicks on Where we write the country, Carlos enters 'Colombia' into Where we write the country, Carlos types 'ENTER' in Where we write the country, Carlos clicks on Click on the button for the steps next]], And he enters the data required in the third registration step
| computer | version | language_computer | mobile_device | model | operating_system |
| Windows | Windows 10 Education | Spanish | Motorola | Moto G9 Plus | Android 10 | [Carlos enters three [Carlos clicks on Click on the operating system of the computer, Carlos enters 'Windows' into write the operating system of the computer, Carlos types 'ENTER' in write the operating system of the computer, Carlos clicks on Click on the version operating system of the computer, Carlos enters 'Windows 10 Education' into write the version operating system of the computer, Carlos types 'ENTER' in write the version operating system of the computer, Carlos clicks on Click on the language operating system of the computer, Carlos enters 'Spanish' into write the language operating system of the computer, Carlos types 'ENTER' in write the language operating system of the computer, Carlos clicks on Click on the name of your mobile device, Carlos enters 'Motorola' into write the name of your mobile device, Carlos types 'ENTER' in write the name of your mobile device, Carlos clicks on Click on the model of your mobile device, Carlos enters 'Moto G9 Plus' into write the model of your mobile device, Carlos types 'ENTER' in write the model of your mobile device, Carlos clicks on Click on the operating system of the mobile device, Carlos enters 'Android 10' into write the operating system of the mobile device, Carlos types 'ENTER' in write the operating system of the mobile device, Carlos clicks on Click on the button for the steps next]], And he enters the data required in the fourth registration step
| password | repeat_password |
| Asdfghjkl123*a | Asdfghjkl123*a | [Carlos enters four [Carlos enters 'Asdfghjkl123*a' into Where we create the password, Carlos enters 'Asdfghjkl123*a' into Where we repeat the password]], And he accept the terms of use, the guidelines and the privacy and security policy of utest [Carlos accept [Carlos clicks on Where we accept the terms of use and the guidelines of Utest, Carlos clicks on Where we accept the policy of privacy and security of Utest, Carlos clicks on Click on the button to finish]]
[Test worker] WARN net.thucydides.core.steps.BaseStepListener - stepStarted: net.thucydides.core.steps.ExecutedStepDescription@350ff014
[Test worker] WARN net.thucydides.core.steps.BaseStepListener - stepStarted: net.thucydides.core.steps.ExecutedStepDescription@597a7afa
[Test worker] WARN net.thucydides.core.steps.BaseStepListener - testFinished: Register on the Utest.com page:Given than Carlos is on the Utest page [Carlos open up [Carlos opens the Utest page]], When he clicks Join Today on the Utest page [Carlos join today [Carlos clicks on Click in the button Join Today]], And he enters the data required in the first registration step
| first_name | last_name | email_address | month_bird | day_bird | year_bird | language |
| Carlos | Castro | castro@correochouc.com | December | 3 | 1997 | Spanish | [Carlos enters [Carlos enters 'Carlos' into Where we write the first name, Carlos enters 'Castro' into Where we write the last name, Carlos enters 'castro@correochouc.com' into Where we write the email address, Carlos select December on Click on the month of date birth, Carlos select 3 on Click on the day of date birth, Carlos select 1997 on Click on the year of date birth, Carlos enters 'Spanish' into Where we write the native language, Carlos types 'ENTER' in Where we write the native language, Carlos clicks on Click on the button for the steps next]], And he enters the data required in the second registration step
| city | postal_code | country |
| Bello, Antioquia | 050044 | Colombia | [Carlos enters two [Carlos clicks on Where we write the city, Carlos clears field Where we write the city, Carlos enters 'Bello, Antioquia' into Where we write the city, Carlos types 'DOWN' in Where we write the city, Carlos types 'ENTER' in Where we write the city, Carlos enters '050044' into Where we write the code postal, Carlos clicks on Where we write the country, Carlos enters 'Colombia' into Where we write the country, Carlos types 'ENTER' in Where we write the country, Carlos clicks on Click on the button for the steps next]], And he enters the data required in the third registration step
| computer | version | language_computer | mobile_device | model | operating_system |
| Windows | Windows 10 Education | Spanish | Motorola | Moto G9 Plus | Android 10 | [Carlos enters three [Carlos clicks on Click on the operating system of the computer, Carlos enters 'Windows' into write the operating system of the computer, Carlos types 'ENTER' in write the operating system of the computer, Carlos clicks on Click on the version operating system of the computer, Carlos enters 'Windows 10 Education' into write the version operating system of the computer, Carlos types 'ENTER' in write the version operating system of the computer, Carlos clicks on Click on the language operating system of the computer, Carlos enters 'Spanish' into write the language operating system of the computer, Carlos types 'ENTER' in write the language operating system of the computer, Carlos clicks on Click on the name of your mobile device, Carlos enters 'Motorola' into write the name of your mobile device, Carlos types 'ENTER' in write the name of your mobile device, Carlos clicks on Click on the model of your mobile device, Carlos enters 'Moto G9 Plus' into write the model of your mobile device, Carlos types 'ENTER' in write the model of your mobile device, Carlos clicks on Click on the operating system of the mobile device, Carlos enters 'Android 10' into write the operating system of the mobile device, Carlos types 'ENTER' in write the operating system of the mobile device, Carlos clicks on Click on the button for the steps next]], And he enters the data required in the fourth registration step
| password | repeat_password |
| Asdfghjkl123*a | Asdfghjkl123*a | [Carlos enters four [Carlos enters 'Asdfghjkl123*a' into Where we create the password, Carlos enters 'Asdfghjkl123*a' into Where we repeat the password]], And he accept the terms of use, the guidelines and the privacy and security policy of utest [Carlos accept [Carlos clicks on Where we accept the terms of use and the guidelines of Utest, Carlos clicks on Where we accept the policy of privacy and security of Utest, Carlos clicks on Click on the button to finish]], Then he registers successful on the Utest page seeing a message First, please check your email inbox [Then answer]
[Test worker] WARN net.thucydides.core.steps.BaseStepListener - TestOutcomes: [Register on the Utest.com page:Given than Carlos is on the Utest page [Carlos open up [Carlos opens the Utest page]], When he clicks Join Today on the Utest page [Carlos join today [Carlos clicks on Click in the button Join Today]], And he enters the data required in the first registration step
| first_name | last_name | email_address | month_bird | day_bird | year_bird | language |
| Carlos | Castro | castro@correochouc.com | December | 3 | 1997 | Spanish | [Carlos enters [Carlos enters 'Carlos' into Where we write the first name, Carlos enters 'Castro' into Where we write the last name, Carlos enters 'castro@correochouc.com' into Where we write the email address, Carlos select December on Click on the month of date birth, Carlos select 3 on Click on the day of date birth, Carlos select 1997 on Click on the year of date birth, Carlos enters 'Spanish' into Where we write the native language, Carlos types 'ENTER' in Where we write the native language, Carlos clicks on Click on the button for the steps next]], And he enters the data required in the second registration step
| city | postal_code | country |
| Bello, Antioquia | 050044 | Colombia | [Carlos enters two [Carlos clicks on Where we write the city, Carlos clears field Where we write the city, Carlos enters 'Bello, Antioquia' into Where we write the city, Carlos types 'DOWN' in Where we write the city, Carlos types 'ENTER' in Where we write the city, Carlos enters '050044' into Where we write the code postal, Carlos clicks on Where we write the country, Carlos enters 'Colombia' into Where we write the country, Carlos types 'ENTER' in Where we write the country, Carlos clicks on Click on the button for the steps next]], And he enters the data required in the third registration step
| computer | version | language_computer | mobile_device | model | operating_system |
| Windows | Windows 10 Education | Spanish | Motorola | Moto G9 Plus | Android 10 | [Carlos enters three [Carlos clicks on Click on the operating system of the computer, Carlos enters 'Windows' into write the operating system of the computer, Carlos types 'ENTER' in write the operating system of the computer, Carlos clicks on Click on the version operating system of the computer, Carlos enters 'Windows 10 Education' into write the version operating system of the computer, Carlos types 'ENTER' in write the version operating system of the computer, Carlos clicks on Click on the language operating system of the computer, Carlos enters 'Spanish' into write the language operating system of the computer, Carlos types 'ENTER' in write the language operating system of the computer, Carlos clicks on Click on the name of your mobile device, Carlos enters 'Motorola' into write the name of your mobile device, Carlos types 'ENTER' in write the name of your mobile device, Carlos clicks on Click on the model of your mobile device, Carlos enters 'Moto G9 Plus' into write the model of your mobile device, Carlos types 'ENTER' in write the model of your mobile device, Carlos clicks on Click on the operating system of the mobile device, Carlos enters 'Android 10' into write the operating system of the mobile device, Carlos types 'ENTER' in write the operating system of the mobile device, Carlos clicks on Click on the button for the steps next]], And he enters the data required in the fourth registration step
| password | repeat_password |
| Asdfghjkl123*a | Asdfghjkl123*a | [Carlos enters four [Carlos enters 'Asdfghjkl123*a' into Where we create the password, Carlos enters 'Asdfghjkl123*a' into Where we repeat the password]], And he accept the terms of use, the guidelines and the privacy and security policy of utest [Carlos accept [Carlos clicks on Where we accept the terms of use and the guidelines of Utest, Carlos clicks on Where we accept the policy of privacy and security of Utest, Carlos clicks on Click on the button to finish]], Then he registers successful on the Utest page seeing a message First, please check your email inbox [Then answer]]
[Test worker] WARN net.thucydides.core.steps.BaseStepListener - Final testOutcomes: [Register on the Utest.com page:Given than Carlos is on the Utest page [Carlos open up [Carlos opens the Utest page]], When he clicks Join Today on the Utest page [Carlos join today [Carlos clicks on Click in the button Join Today]], And he enters the data required in the first registration step
| first_name | last_name | email_address | month_bird | day_bird | year_bird | language |
| Carlos | Castro | castro@correochouc.com | December | 3 | 1997 | Spanish | [Carlos enters [Carlos enters 'Carlos' into Where we write the first name, Carlos enters 'Castro' into Where we write the last name, Carlos enters 'castro@correochouc.com' into Where we write the email address, Carlos select December on Click on the month of date birth, Carlos select 3 on Click on the day of date birth, Carlos select 1997 on Click on the year of date birth, Carlos enters 'Spanish' into Where we write the native language, Carlos types 'ENTER' in Where we write the native language, Carlos clicks on Click on the button for the steps next]], And he enters the data required in the second registration step
| city | postal_code | country |
| Bello, Antioquia | 050044 | Colombia | [Carlos enters two [Carlos clicks on Where we write the city, Carlos clears field Where we write the city, Carlos enters 'Bello, Antioquia' into Where we write the city, Carlos types 'DOWN' in Where we write the city, Carlos types 'ENTER' in Where we write the city, Carlos enters '050044' into Where we write the code postal, Carlos clicks on Where we write the country, Carlos enters 'Colombia' into Where we write the country, Carlos types 'ENTER' in Where we write the country, Carlos clicks on Click on the button for the steps next]], And he enters the data required in the third registration step
| computer | version | language_computer | mobile_device | model | operating_system |
| Windows | Windows 10 Education | Spanish | Motorola | Moto G9 Plus | Android 10 | [Carlos enters three [Carlos clicks on Click on the operating system of the computer, Carlos enters 'Windows' into write the operating system of the computer, Carlos types 'ENTER' in write the operating system of the computer, Carlos clicks on Click on the version operating system of the computer, Carlos enters 'Windows 10 Education' into write the version operating system of the computer, Carlos types 'ENTER' in write the version operating system of the computer, Carlos clicks on Click on the language operating system of the computer, Carlos enters 'Spanish' into write the language operating system of the computer, Carlos types 'ENTER' in write the language operating system of the computer, Carlos clicks on Click on the name of your mobile device, Carlos enters 'Motorola' into write the name of your mobile device, Carlos types 'ENTER' in write the name of your mobile device, Carlos clicks on Click on the model of your mobile device, Carlos enters 'Moto G9 Plus' into write the model of your mobile device, Carlos types 'ENTER' in write the model of your mobile device, Carlos clicks on Click on the operating system of the mobile device, Carlos enters 'Android 10' into write the operating system of the mobile device, Carlos types 'ENTER' in write the operating system of the mobile device, Carlos clicks on Click on the button for the steps next]], And he enters the data required in the fourth registration step
| password | repeat_password |
| Asdfghjkl123*a | Asdfghjkl123*a | [Carlos enters four [Carlos enters 'Asdfghjkl123*a' into Where we create the password, Carlos enters 'Asdfghjkl123*a' into Where we repeat the password]], And he accept the terms of use, the guidelines and the privacy and security policy of utest [Carlos accept [Carlos clicks on Where we accept the terms of use and the guidelines of Utest, Carlos clicks on Where we accept the policy of privacy and security of Utest, Carlos clicks on Click on the button to finish]], Then he registers successful on the Utest page seeing a message First, please check your email inbox [Then answer]]
[Test worker] ERROR net.thucydides.core.steps.ConsoleLoggingListener - 
           __  _____ _____ ____ _____   _____ _    ___ _     _____ ____  
  _       / / |_   _| ____/ ___|_   _| |  ___/ \  |_ _| |   | ____|  _ \ 
 (_)_____| |    | | |  _| \___ \ | |   | |_ / _ \  | || |   |  _| | | | |
  _|_____| |    | | | |___ ___) || |   |  _/ ___ \ | || |___| |___| |_| |
 (_)     | |    |_| |_____|____/ |_|   |_|/_/   \_\___|_____|_____|____/ 
          \_\                                                            

TEST FAILED WITH ERROR: Register on the Utest.com page
---------------------------------------------------------------------
[Test worker] ERROR net.thucydides.core.steps.ConsoleLoggingListener - TEST FAILED AT STEP Then answer
[Test worker] ERROR net.thucydides.core.steps.ConsoleLoggingListener - no such element: Unable to locate element: {"method":"xpath","selector":"//*[@id="mainContent"]/div/div/div[2]/div[1]/p[1]/b"}
]]></system-err>
</testsuite>
