<?xml version="1.0" encoding="UTF-8"?>
<testsuite name="Join the community of testers." tests="1" skipped="0" failures="0" errors="0" timestamp="2022-10-05T17:33:33" hostname="CHMEPPF0FQ31E" time="50.015">
  <properties/>
  <testcase name="Register on the Utest.com page" classname="Join the community of testers." time="50.015"/>
  <system-out><![CDATA[]]></system-out>
  <system-err><![CDATA[[Test worker] WARN net.thucydides.core.steps.BaseStepListener - stepStarted: net.thucydides.core.steps.ExecutedStepDescription@94f6bfb
[Test worker] WARN net.thucydides.core.steps.BaseStepListener - stepStarted: net.thucydides.core.steps.ExecutedStepDescription@1e54cb33
[Test worker] WARN net.thucydides.core.steps.BaseStepListener - stepStarted: net.thucydides.core.steps.ExecutedStepDescription@748e9b20
oct 05, 2022 12:33:34 PM org.openqa.selenium.remote.DesiredCapabilities chrome
INFORMACIÓN: Using `new ChromeOptions()` is preferred to `DesiredCapabilities.chrome()`
[Test worker] INFO net.serenitybdd.core.webdriver.driverproviders.ProvideNewDriver - Instantiating driver
[Test worker] INFO net.serenitybdd.core.webdriver.driverproviders.ProvideNewDriver - Driver capabilities: Capabilities {acceptInsecureCerts: false, browserName: chrome, chrome.switches: --start-maximized, goog:chromeOptions: {args: [--start-maximized], extensions: []}, loggingPrefs: org.openqa.selenium.logging..., platform: ANY, version: }
Starting ChromeDriver 105.0.5195.19 (b9c217c128c16f53d12f9a02933fcfdec1bf49af-refs/branch-heads/5195@{#176}) on port 32381
Only local connections are allowed.
Please see https://chromedriver.chromium.org/security-considerations for suggestions on keeping ChromeDriver safe.
ChromeDriver was started successfully.
oct 05, 2022 12:33:38 PM org.openqa.selenium.remote.ProtocolHandshake createSession
INFORMACIÓN: Detected dialect: W3C
[Test worker] WARN net.thucydides.core.steps.BaseStepListener - stepFinished: current outcome:Register on the Utest.com page:Given than Carlos is on the Utest page [Carlos open up [Carlos opens the Utest page]]
[Test worker] WARN net.thucydides.core.steps.BaseStepListener - stepFinished: current outcome:Register on the Utest.com page:Given than Carlos is on the Utest page [Carlos open up [Carlos opens the Utest page]]
[Test worker] WARN net.thucydides.core.steps.BaseStepListener - stepFinished: current outcome:Register on the Utest.com page:Given than Carlos is on the Utest page [Carlos open up [Carlos opens the Utest page]]
[Test worker] WARN net.thucydides.core.steps.BaseStepListener - stepStarted: net.thucydides.core.steps.ExecutedStepDescription@321ca237
[Test worker] WARN net.thucydides.core.steps.BaseStepListener - stepStarted: net.thucydides.core.steps.ExecutedStepDescription@57a6a933
[Test worker] WARN net.thucydides.core.steps.BaseStepListener - stepStarted: net.thucydides.core.steps.ExecutedStepDescription@53d9826f
[Test worker] WARN net.thucydides.core.steps.BaseStepListener - stepFinished: current outcome:Register on the Utest.com page:Given than Carlos is on the Utest page [Carlos open up [Carlos opens the Utest page]], When he clicks Join Today on the Utest page [Carlos join today [Carlos clicks on Click in the button Join Today]]
[Test worker] WARN net.thucydides.core.steps.BaseStepListener - stepFinished: current outcome:Register on the Utest.com page:Given than Carlos is on the Utest page [Carlos open up [Carlos opens the Utest page]], When he clicks Join Today on the Utest page [Carlos join today [Carlos clicks on Click in the button Join Today]]
[Test worker] WARN net.thucydides.core.steps.BaseStepListener - stepFinished: current outcome:Register on the Utest.com page:Given than Carlos is on the Utest page [Carlos open up [Carlos opens the Utest page]], When he clicks Join Today on the Utest page [Carlos join today [Carlos clicks on Click in the button Join Today]]
[Test worker] WARN net.thucydides.core.steps.BaseStepListener - stepStarted: net.thucydides.core.steps.ExecutedStepDescription@77c3c037
[Test worker] WARN net.thucydides.core.steps.BaseStepListener - stepStarted: net.thucydides.core.steps.ExecutedStepDescription@557b6a37
[Test worker] WARN net.thucydides.core.steps.BaseStepListener - stepStarted: net.thucydides.core.steps.ExecutedStepDescription@31f295b6
[Test worker] WARN net.thucydides.core.steps.BaseStepListener - stepFinished: current outcome:Register on the Utest.com page:Given than Carlos is on the Utest page [Carlos open up [Carlos opens the Utest page]], When he clicks Join Today on the Utest page [Carlos join today [Carlos clicks on Click in the button Join Today]], And he enters the data required in the four registration steps [Carlos enters [Carlos enters 'Carlos' into Where we write the first name]]
[Test worker] WARN net.thucydides.core.steps.BaseStepListener - stepStarted: net.thucydides.core.steps.ExecutedStepDescription@5700c9db
[Test worker] WARN net.thucydides.core.steps.BaseStepListener - stepFinished: current outcome:Register on the Utest.com page:Given than Carlos is on the Utest page [Carlos open up [Carlos opens the Utest page]], When he clicks Join Today on the Utest page [Carlos join today [Carlos clicks on Click in the button Join Today]], And he enters the data required in the four registration steps [Carlos enters [Carlos enters 'Carlos' into Where we write the first name, Carlos enters 'Castro' into Where we write the last name]]
[Test worker] WARN net.thucydides.core.steps.BaseStepListener - stepStarted: net.thucydides.core.steps.ExecutedStepDescription@11dcd42c
[Test worker] WARN net.thucydides.core.steps.BaseStepListener - stepFinished: current outcome:Register on the Utest.com page:Given than Carlos is on the Utest page [Carlos open up [Carlos opens the Utest page]], When he clicks Join Today on the Utest page [Carlos join today [Carlos clicks on Click in the button Join Today]], And he enters the data required in the four registration steps [Carlos enters [Carlos enters 'Carlos' into Where we write the first name, Carlos enters 'Castro' into Where we write the last name, Carlos enters 'ccastro@choucairt.com' into Where we write the email address]]
[Test worker] WARN net.thucydides.core.steps.BaseStepListener - stepStarted: net.thucydides.core.steps.ExecutedStepDescription@40d52be7
[Test worker] WARN net.thucydides.core.steps.BaseStepListener - stepFinished: current outcome:Register on the Utest.com page:Given than Carlos is on the Utest page [Carlos open up [Carlos opens the Utest page]], When he clicks Join Today on the Utest page [Carlos join today [Carlos clicks on Click in the button Join Today]], And he enters the data required in the four registration steps [Carlos enters [Carlos enters 'Carlos' into Where we write the first name, Carlos enters 'Castro' into Where we write the last name, Carlos enters 'ccastro@choucairt.com' into Where we write the email address, Carlos clicks on Click on the month of date birth]]
[Test worker] WARN net.thucydides.core.steps.BaseStepListener - stepStarted: net.thucydides.core.steps.ExecutedStepDescription@5f0bab7e
[Test worker] WARN net.thucydides.core.steps.BaseStepListener - stepFinished: current outcome:Register on the Utest.com page:Given than Carlos is on the Utest page [Carlos open up [Carlos opens the Utest page]], When he clicks Join Today on the Utest page [Carlos join today [Carlos clicks on Click in the button Join Today]], And he enters the data required in the four registration steps [Carlos enters [Carlos enters 'Carlos' into Where we write the first name, Carlos enters 'Castro' into Where we write the last name, Carlos enters 'ccastro@choucairt.com' into Where we write the email address, Carlos clicks on Click on the month of date birth, Carlos clicks on Click on the day of date birth]]
[Test worker] WARN net.thucydides.core.steps.BaseStepListener - stepStarted: net.thucydides.core.steps.ExecutedStepDescription@60f77af
[Test worker] WARN net.thucydides.core.steps.BaseStepListener - stepFinished: current outcome:Register on the Utest.com page:Given than Carlos is on the Utest page [Carlos open up [Carlos opens the Utest page]], When he clicks Join Today on the Utest page [Carlos join today [Carlos clicks on Click in the button Join Today]], And he enters the data required in the four registration steps [Carlos enters [Carlos enters 'Carlos' into Where we write the first name, Carlos enters 'Castro' into Where we write the last name, Carlos enters 'ccastro@choucairt.com' into Where we write the email address, Carlos clicks on Click on the month of date birth, Carlos clicks on Click on the day of date birth, Carlos clicks on Click on the year of date birth]]
[Test worker] WARN net.thucydides.core.steps.BaseStepListener - stepStarted: net.thucydides.core.steps.ExecutedStepDescription@4aeb0e2b
[Test worker] WARN net.thucydides.core.steps.BaseStepListener - stepFinished: current outcome:Register on the Utest.com page:Given than Carlos is on the Utest page [Carlos open up [Carlos opens the Utest page]], When he clicks Join Today on the Utest page [Carlos join today [Carlos clicks on Click in the button Join Today]], And he enters the data required in the four registration steps [Carlos enters [Carlos enters 'Carlos' into Where we write the first name, Carlos enters 'Castro' into Where we write the last name, Carlos enters 'ccastro@choucairt.com' into Where we write the email address, Carlos clicks on Click on the month of date birth, Carlos clicks on Click on the day of date birth, Carlos clicks on Click on the year of date birth, Carlos enters 'Spanish' into Where we write the native language]]
[Test worker] WARN net.thucydides.core.steps.BaseStepListener - stepStarted: net.thucydides.core.steps.ExecutedStepDescription@2047981
[Test worker] WARN net.thucydides.core.steps.BaseStepListener - stepFinished: current outcome:Register on the Utest.com page:Given than Carlos is on the Utest page [Carlos open up [Carlos opens the Utest page]], When he clicks Join Today on the Utest page [Carlos join today [Carlos clicks on Click in the button Join Today]], And he enters the data required in the four registration steps [Carlos enters [Carlos enters 'Carlos' into Where we write the first name, Carlos enters 'Castro' into Where we write the last name, Carlos enters 'ccastro@choucairt.com' into Where we write the email address, Carlos clicks on Click on the month of date birth, Carlos clicks on Click on the day of date birth, Carlos clicks on Click on the year of date birth, Carlos enters 'Spanish' into Where we write the native language, Carlos types 'ENTER' in Where we write the native language]]
[Test worker] WARN net.thucydides.core.steps.BaseStepListener - stepStarted: net.thucydides.core.steps.ExecutedStepDescription@6b5ab2f2
[Test worker] WARN net.thucydides.core.steps.BaseStepListener - stepFinished: current outcome:Register on the Utest.com page:Given than Carlos is on the Utest page [Carlos open up [Carlos opens the Utest page]], When he clicks Join Today on the Utest page [Carlos join today [Carlos clicks on Click in the button Join Today]], And he enters the data required in the four registration steps [Carlos enters [Carlos enters 'Carlos' into Where we write the first name, Carlos enters 'Castro' into Where we write the last name, Carlos enters 'ccastro@choucairt.com' into Where we write the email address, Carlos clicks on Click on the month of date birth, Carlos clicks on Click on the day of date birth, Carlos clicks on Click on the year of date birth, Carlos enters 'Spanish' into Where we write the native language, Carlos types 'ENTER' in Where we write the native language, Carlos clicks on Click on the button for the steps next]]
[Test worker] WARN net.thucydides.core.steps.BaseStepListener - stepFinished: current outcome:Register on the Utest.com page:Given than Carlos is on the Utest page [Carlos open up [Carlos opens the Utest page]], When he clicks Join Today on the Utest page [Carlos join today [Carlos clicks on Click in the button Join Today]], And he enters the data required in the four registration steps [Carlos enters [Carlos enters 'Carlos' into Where we write the first name, Carlos enters 'Castro' into Where we write the last name, Carlos enters 'ccastro@choucairt.com' into Where we write the email address, Carlos clicks on Click on the month of date birth, Carlos clicks on Click on the day of date birth, Carlos clicks on Click on the year of date birth, Carlos enters 'Spanish' into Where we write the native language, Carlos types 'ENTER' in Where we write the native language, Carlos clicks on Click on the button for the steps next]]
[Test worker] WARN net.thucydides.core.steps.BaseStepListener - stepStarted: net.thucydides.core.steps.ExecutedStepDescription@2c0c4c0a
[Test worker] WARN net.thucydides.core.steps.BaseStepListener - stepStarted: net.thucydides.core.steps.ExecutedStepDescription@2b44d6d0
[Test worker] WARN net.thucydides.core.steps.BaseStepListener - stepFinished: current outcome:Register on the Utest.com page:Given than Carlos is on the Utest page [Carlos open up [Carlos opens the Utest page]], When he clicks Join Today on the Utest page [Carlos join today [Carlos clicks on Click in the button Join Today]], And he enters the data required in the four registration steps [Carlos enters [Carlos enters 'Carlos' into Where we write the first name, Carlos enters 'Castro' into Where we write the last name, Carlos enters 'ccastro@choucairt.com' into Where we write the email address, Carlos clicks on Click on the month of date birth, Carlos clicks on Click on the day of date birth, Carlos clicks on Click on the year of date birth, Carlos enters 'Spanish' into Where we write the native language, Carlos types 'ENTER' in Where we write the native language, Carlos clicks on Click on the button for the steps next], Carlos enters two [Carlos clicks on Where we write the city]]
[Test worker] WARN net.thucydides.core.steps.BaseStepListener - stepStarted: net.thucydides.core.steps.ExecutedStepDescription@715f45c6
[Test worker] WARN net.thucydides.core.steps.BaseStepListener - stepFinished: current outcome:Register on the Utest.com page:Given than Carlos is on the Utest page [Carlos open up [Carlos opens the Utest page]], When he clicks Join Today on the Utest page [Carlos join today [Carlos clicks on Click in the button Join Today]], And he enters the data required in the four registration steps [Carlos enters [Carlos enters 'Carlos' into Where we write the first name, Carlos enters 'Castro' into Where we write the last name, Carlos enters 'ccastro@choucairt.com' into Where we write the email address, Carlos clicks on Click on the month of date birth, Carlos clicks on Click on the day of date birth, Carlos clicks on Click on the year of date birth, Carlos enters 'Spanish' into Where we write the native language, Carlos types 'ENTER' in Where we write the native language, Carlos clicks on Click on the button for the steps next], Carlos enters two [Carlos clicks on Where we write the city, Carlos clears field Where we write the city]]
[Test worker] WARN net.thucydides.core.steps.BaseStepListener - stepStarted: net.thucydides.core.steps.ExecutedStepDescription@d3e3085
[Test worker] WARN net.thucydides.core.steps.BaseStepListener - stepFinished: current outcome:Register on the Utest.com page:Given than Carlos is on the Utest page [Carlos open up [Carlos opens the Utest page]], When he clicks Join Today on the Utest page [Carlos join today [Carlos clicks on Click in the button Join Today]], And he enters the data required in the four registration steps [Carlos enters [Carlos enters 'Carlos' into Where we write the first name, Carlos enters 'Castro' into Where we write the last name, Carlos enters 'ccastro@choucairt.com' into Where we write the email address, Carlos clicks on Click on the month of date birth, Carlos clicks on Click on the day of date birth, Carlos clicks on Click on the year of date birth, Carlos enters 'Spanish' into Where we write the native language, Carlos types 'ENTER' in Where we write the native language, Carlos clicks on Click on the button for the steps next], Carlos enters two [Carlos clicks on Where we write the city, Carlos clears field Where we write the city, Carlos enters 'Bello, Antioquia' into Where we write the city]]
[Test worker] WARN net.thucydides.core.steps.BaseStepListener - stepStarted: net.thucydides.core.steps.ExecutedStepDescription@48581a3b
[Test worker] WARN net.thucydides.core.steps.BaseStepListener - stepFinished: current outcome:Register on the Utest.com page:Given than Carlos is on the Utest page [Carlos open up [Carlos opens the Utest page]], When he clicks Join Today on the Utest page [Carlos join today [Carlos clicks on Click in the button Join Today]], And he enters the data required in the four registration steps [Carlos enters [Carlos enters 'Carlos' into Where we write the first name, Carlos enters 'Castro' into Where we write the last name, Carlos enters 'ccastro@choucairt.com' into Where we write the email address, Carlos clicks on Click on the month of date birth, Carlos clicks on Click on the day of date birth, Carlos clicks on Click on the year of date birth, Carlos enters 'Spanish' into Where we write the native language, Carlos types 'ENTER' in Where we write the native language, Carlos clicks on Click on the button for the steps next], Carlos enters two [Carlos clicks on Where we write the city, Carlos clears field Where we write the city, Carlos enters 'Bello, Antioquia' into Where we write the city, Carlos types 'DOWN' in Where we write the city]]
[Test worker] WARN net.thucydides.core.steps.BaseStepListener - stepStarted: net.thucydides.core.steps.ExecutedStepDescription@415a3f6a
[Test worker] WARN net.thucydides.core.steps.BaseStepListener - stepFinished: current outcome:Register on the Utest.com page:Given than Carlos is on the Utest page [Carlos open up [Carlos opens the Utest page]], When he clicks Join Today on the Utest page [Carlos join today [Carlos clicks on Click in the button Join Today]], And he enters the data required in the four registration steps [Carlos enters [Carlos enters 'Carlos' into Where we write the first name, Carlos enters 'Castro' into Where we write the last name, Carlos enters 'ccastro@choucairt.com' into Where we write the email address, Carlos clicks on Click on the month of date birth, Carlos clicks on Click on the day of date birth, Carlos clicks on Click on the year of date birth, Carlos enters 'Spanish' into Where we write the native language, Carlos types 'ENTER' in Where we write the native language, Carlos clicks on Click on the button for the steps next], Carlos enters two [Carlos clicks on Where we write the city, Carlos clears field Where we write the city, Carlos enters 'Bello, Antioquia' into Where we write the city, Carlos types 'DOWN' in Where we write the city, Carlos types 'ENTER' in Where we write the city]]
[Test worker] WARN net.thucydides.core.steps.BaseStepListener - stepStarted: net.thucydides.core.steps.ExecutedStepDescription@76437e9b
[Test worker] WARN net.thucydides.core.steps.BaseStepListener - stepFinished: current outcome:Register on the Utest.com page:Given than Carlos is on the Utest page [Carlos open up [Carlos opens the Utest page]], When he clicks Join Today on the Utest page [Carlos join today [Carlos clicks on Click in the button Join Today]], And he enters the data required in the four registration steps [Carlos enters [Carlos enters 'Carlos' into Where we write the first name, Carlos enters 'Castro' into Where we write the last name, Carlos enters 'ccastro@choucairt.com' into Where we write the email address, Carlos clicks on Click on the month of date birth, Carlos clicks on Click on the day of date birth, Carlos clicks on Click on the year of date birth, Carlos enters 'Spanish' into Where we write the native language, Carlos types 'ENTER' in Where we write the native language, Carlos clicks on Click on the button for the steps next], Carlos enters two [Carlos clicks on Where we write the city, Carlos clears field Where we write the city, Carlos enters 'Bello, Antioquia' into Where we write the city, Carlos types 'DOWN' in Where we write the city, Carlos types 'ENTER' in Where we write the city, Carlos enters '050044' into Where we write the code postal]]
[Test worker] WARN net.thucydides.core.steps.BaseStepListener - stepStarted: net.thucydides.core.steps.ExecutedStepDescription@19dc0d32
[Test worker] WARN net.thucydides.core.steps.BaseStepListener - stepFinished: current outcome:Register on the Utest.com page:Given than Carlos is on the Utest page [Carlos open up [Carlos opens the Utest page]], When he clicks Join Today on the Utest page [Carlos join today [Carlos clicks on Click in the button Join Today]], And he enters the data required in the four registration steps [Carlos enters [Carlos enters 'Carlos' into Where we write the first name, Carlos enters 'Castro' into Where we write the last name, Carlos enters 'ccastro@choucairt.com' into Where we write the email address, Carlos clicks on Click on the month of date birth, Carlos clicks on Click on the day of date birth, Carlos clicks on Click on the year of date birth, Carlos enters 'Spanish' into Where we write the native language, Carlos types 'ENTER' in Where we write the native language, Carlos clicks on Click on the button for the steps next], Carlos enters two [Carlos clicks on Where we write the city, Carlos clears field Where we write the city, Carlos enters 'Bello, Antioquia' into Where we write the city, Carlos types 'DOWN' in Where we write the city, Carlos types 'ENTER' in Where we write the city, Carlos enters '050044' into Where we write the code postal, Carlos clicks on Where we write the country]]
[Test worker] WARN net.thucydides.core.steps.BaseStepListener - stepStarted: net.thucydides.core.steps.ExecutedStepDescription@608cd501
[Test worker] WARN net.thucydides.core.steps.BaseStepListener - stepFinished: current outcome:Register on the Utest.com page:Given than Carlos is on the Utest page [Carlos open up [Carlos opens the Utest page]], When he clicks Join Today on the Utest page [Carlos join today [Carlos clicks on Click in the button Join Today]], And he enters the data required in the four registration steps [Carlos enters [Carlos enters 'Carlos' into Where we write the first name, Carlos enters 'Castro' into Where we write the last name, Carlos enters 'ccastro@choucairt.com' into Where we write the email address, Carlos clicks on Click on the month of date birth, Carlos clicks on Click on the day of date birth, Carlos clicks on Click on the year of date birth, Carlos enters 'Spanish' into Where we write the native language, Carlos types 'ENTER' in Where we write the native language, Carlos clicks on Click on the button for the steps next], Carlos enters two [Carlos clicks on Where we write the city, Carlos clears field Where we write the city, Carlos enters 'Bello, Antioquia' into Where we write the city, Carlos types 'DOWN' in Where we write the city, Carlos types 'ENTER' in Where we write the city, Carlos enters '050044' into Where we write the code postal, Carlos clicks on Where we write the country, Carlos enters 'Colombia' into Where we write the country]]
[Test worker] WARN net.thucydides.core.steps.BaseStepListener - stepStarted: net.thucydides.core.steps.ExecutedStepDescription@1ef31f71
[Test worker] WARN net.thucydides.core.steps.BaseStepListener - stepFinished: current outcome:Register on the Utest.com page:Given than Carlos is on the Utest page [Carlos open up [Carlos opens the Utest page]], When he clicks Join Today on the Utest page [Carlos join today [Carlos clicks on Click in the button Join Today]], And he enters the data required in the four registration steps [Carlos enters [Carlos enters 'Carlos' into Where we write the first name, Carlos enters 'Castro' into Where we write the last name, Carlos enters 'ccastro@choucairt.com' into Where we write the email address, Carlos clicks on Click on the month of date birth, Carlos clicks on Click on the day of date birth, Carlos clicks on Click on the year of date birth, Carlos enters 'Spanish' into Where we write the native language, Carlos types 'ENTER' in Where we write the native language, Carlos clicks on Click on the button for the steps next], Carlos enters two [Carlos clicks on Where we write the city, Carlos clears field Where we write the city, Carlos enters 'Bello, Antioquia' into Where we write the city, Carlos types 'DOWN' in Where we write the city, Carlos types 'ENTER' in Where we write the city, Carlos enters '050044' into Where we write the code postal, Carlos clicks on Where we write the country, Carlos enters 'Colombia' into Where we write the country, Carlos types 'ENTER' in Where we write the country]]
[Test worker] WARN net.thucydides.core.steps.BaseStepListener - stepStarted: net.thucydides.core.steps.ExecutedStepDescription@6f731759
[Test worker] WARN net.thucydides.core.steps.BaseStepListener - stepFinished: current outcome:Register on the Utest.com page:Given than Carlos is on the Utest page [Carlos open up [Carlos opens the Utest page]], When he clicks Join Today on the Utest page [Carlos join today [Carlos clicks on Click in the button Join Today]], And he enters the data required in the four registration steps [Carlos enters [Carlos enters 'Carlos' into Where we write the first name, Carlos enters 'Castro' into Where we write the last name, Carlos enters 'ccastro@choucairt.com' into Where we write the email address, Carlos clicks on Click on the month of date birth, Carlos clicks on Click on the day of date birth, Carlos clicks on Click on the year of date birth, Carlos enters 'Spanish' into Where we write the native language, Carlos types 'ENTER' in Where we write the native language, Carlos clicks on Click on the button for the steps next], Carlos enters two [Carlos clicks on Where we write the city, Carlos clears field Where we write the city, Carlos enters 'Bello, Antioquia' into Where we write the city, Carlos types 'DOWN' in Where we write the city, Carlos types 'ENTER' in Where we write the city, Carlos enters '050044' into Where we write the code postal, Carlos clicks on Where we write the country, Carlos enters 'Colombia' into Where we write the country, Carlos types 'ENTER' in Where we write the country, Carlos clicks on Click on the button for the steps next]]
[Test worker] WARN net.thucydides.core.steps.BaseStepListener - stepFinished: current outcome:Register on the Utest.com page:Given than Carlos is on the Utest page [Carlos open up [Carlos opens the Utest page]], When he clicks Join Today on the Utest page [Carlos join today [Carlos clicks on Click in the button Join Today]], And he enters the data required in the four registration steps [Carlos enters [Carlos enters 'Carlos' into Where we write the first name, Carlos enters 'Castro' into Where we write the last name, Carlos enters 'ccastro@choucairt.com' into Where we write the email address, Carlos clicks on Click on the month of date birth, Carlos clicks on Click on the day of date birth, Carlos clicks on Click on the year of date birth, Carlos enters 'Spanish' into Where we write the native language, Carlos types 'ENTER' in Where we write the native language, Carlos clicks on Click on the button for the steps next], Carlos enters two [Carlos clicks on Where we write the city, Carlos clears field Where we write the city, Carlos enters 'Bello, Antioquia' into Where we write the city, Carlos types 'DOWN' in Where we write the city, Carlos types 'ENTER' in Where we write the city, Carlos enters '050044' into Where we write the code postal, Carlos clicks on Where we write the country, Carlos enters 'Colombia' into Where we write the country, Carlos types 'ENTER' in Where we write the country, Carlos clicks on Click on the button for the steps next]]
[Test worker] WARN net.thucydides.core.steps.BaseStepListener - stepStarted: net.thucydides.core.steps.ExecutedStepDescription@2744dcae
[Test worker] WARN net.thucydides.core.steps.BaseStepListener - stepStarted: net.thucydides.core.steps.ExecutedStepDescription@6de004f1
[Test worker] WARN net.thucydides.core.steps.BaseStepListener - stepFinished: current outcome:Register on the Utest.com page:Given than Carlos is on the Utest page [Carlos open up [Carlos opens the Utest page]], When he clicks Join Today on the Utest page [Carlos join today [Carlos clicks on Click in the button Join Today]], And he enters the data required in the four registration steps [Carlos enters [Carlos enters 'Carlos' into Where we write the first name, Carlos enters 'Castro' into Where we write the last name, Carlos enters 'ccastro@choucairt.com' into Where we write the email address, Carlos clicks on Click on the month of date birth, Carlos clicks on Click on the day of date birth, Carlos clicks on Click on the year of date birth, Carlos enters 'Spanish' into Where we write the native language, Carlos types 'ENTER' in Where we write the native language, Carlos clicks on Click on the button for the steps next], Carlos enters two [Carlos clicks on Where we write the city, Carlos clears field Where we write the city, Carlos enters 'Bello, Antioquia' into Where we write the city, Carlos types 'DOWN' in Where we write the city, Carlos types 'ENTER' in Where we write the city, Carlos enters '050044' into Where we write the code postal, Carlos clicks on Where we write the country, Carlos enters 'Colombia' into Where we write the country, Carlos types 'ENTER' in Where we write the country, Carlos clicks on Click on the button for the steps next], Carlos enters three [Carlos clicks on Click on the operating system of the computer]]
[Test worker] WARN net.thucydides.core.steps.BaseStepListener - stepStarted: net.thucydides.core.steps.ExecutedStepDescription@632383b9
[Test worker] WARN net.thucydides.core.steps.BaseStepListener - stepFinished: current outcome:Register on the Utest.com page:Given than Carlos is on the Utest page [Carlos open up [Carlos opens the Utest page]], When he clicks Join Today on the Utest page [Carlos join today [Carlos clicks on Click in the button Join Today]], And he enters the data required in the four registration steps [Carlos enters [Carlos enters 'Carlos' into Where we write the first name, Carlos enters 'Castro' into Where we write the last name, Carlos enters 'ccastro@choucairt.com' into Where we write the email address, Carlos clicks on Click on the month of date birth, Carlos clicks on Click on the day of date birth, Carlos clicks on Click on the year of date birth, Carlos enters 'Spanish' into Where we write the native language, Carlos types 'ENTER' in Where we write the native language, Carlos clicks on Click on the button for the steps next], Carlos enters two [Carlos clicks on Where we write the city, Carlos clears field Where we write the city, Carlos enters 'Bello, Antioquia' into Where we write the city, Carlos types 'DOWN' in Where we write the city, Carlos types 'ENTER' in Where we write the city, Carlos enters '050044' into Where we write the code postal, Carlos clicks on Where we write the country, Carlos enters 'Colombia' into Where we write the country, Carlos types 'ENTER' in Where we write the country, Carlos clicks on Click on the button for the steps next], Carlos enters three [Carlos clicks on Click on the operating system of the computer, Carlos enters 'Windows' into write the operating system of the computer]]
[Test worker] WARN net.thucydides.core.steps.BaseStepListener - stepStarted: net.thucydides.core.steps.ExecutedStepDescription@40d848f9
[Test worker] WARN net.thucydides.core.steps.BaseStepListener - stepFinished: current outcome:Register on the Utest.com page:Given than Carlos is on the Utest page [Carlos open up [Carlos opens the Utest page]], When he clicks Join Today on the Utest page [Carlos join today [Carlos clicks on Click in the button Join Today]], And he enters the data required in the four registration steps [Carlos enters [Carlos enters 'Carlos' into Where we write the first name, Carlos enters 'Castro' into Where we write the last name, Carlos enters 'ccastro@choucairt.com' into Where we write the email address, Carlos clicks on Click on the month of date birth, Carlos clicks on Click on the day of date birth, Carlos clicks on Click on the year of date birth, Carlos enters 'Spanish' into Where we write the native language, Carlos types 'ENTER' in Where we write the native language, Carlos clicks on Click on the button for the steps next], Carlos enters two [Carlos clicks on Where we write the city, Carlos clears field Where we write the city, Carlos enters 'Bello, Antioquia' into Where we write the city, Carlos types 'DOWN' in Where we write the city, Carlos types 'ENTER' in Where we write the city, Carlos enters '050044' into Where we write the code postal, Carlos clicks on Where we write the country, Carlos enters 'Colombia' into Where we write the country, Carlos types 'ENTER' in Where we write the country, Carlos clicks on Click on the button for the steps next], Carlos enters three [Carlos clicks on Click on the operating system of the computer, Carlos enters 'Windows' into write the operating system of the computer, Carlos types 'ENTER' in write the operating system of the computer]]
[Test worker] WARN net.thucydides.core.steps.BaseStepListener - stepStarted: net.thucydides.core.steps.ExecutedStepDescription@72ecbcb3
[Test worker] WARN net.thucydides.core.steps.BaseStepListener - stepFinished: current outcome:Register on the Utest.com page:Given than Carlos is on the Utest page [Carlos open up [Carlos opens the Utest page]], When he clicks Join Today on the Utest page [Carlos join today [Carlos clicks on Click in the button Join Today]], And he enters the data required in the four registration steps [Carlos enters [Carlos enters 'Carlos' into Where we write the first name, Carlos enters 'Castro' into Where we write the last name, Carlos enters 'ccastro@choucairt.com' into Where we write the email address, Carlos clicks on Click on the month of date birth, Carlos clicks on Click on the day of date birth, Carlos clicks on Click on the year of date birth, Carlos enters 'Spanish' into Where we write the native language, Carlos types 'ENTER' in Where we write the native language, Carlos clicks on Click on the button for the steps next], Carlos enters two [Carlos clicks on Where we write the city, Carlos clears field Where we write the city, Carlos enters 'Bello, Antioquia' into Where we write the city, Carlos types 'DOWN' in Where we write the city, Carlos types 'ENTER' in Where we write the city, Carlos enters '050044' into Where we write the code postal, Carlos clicks on Where we write the country, Carlos enters 'Colombia' into Where we write the country, Carlos types 'ENTER' in Where we write the country, Carlos clicks on Click on the button for the steps next], Carlos enters three [Carlos clicks on Click on the operating system of the computer, Carlos enters 'Windows' into write the operating system of the computer, Carlos types 'ENTER' in write the operating system of the computer, Carlos clicks on Click on the version operating system of the computer]]
[Test worker] WARN net.thucydides.core.steps.BaseStepListener - stepStarted: net.thucydides.core.steps.ExecutedStepDescription@6a1568d6
[Test worker] WARN net.thucydides.core.steps.BaseStepListener - stepFinished: current outcome:Register on the Utest.com page:Given than Carlos is on the Utest page [Carlos open up [Carlos opens the Utest page]], When he clicks Join Today on the Utest page [Carlos join today [Carlos clicks on Click in the button Join Today]], And he enters the data required in the four registration steps [Carlos enters [Carlos enters 'Carlos' into Where we write the first name, Carlos enters 'Castro' into Where we write the last name, Carlos enters 'ccastro@choucairt.com' into Where we write the email address, Carlos clicks on Click on the month of date birth, Carlos clicks on Click on the day of date birth, Carlos clicks on Click on the year of date birth, Carlos enters 'Spanish' into Where we write the native language, Carlos types 'ENTER' in Where we write the native language, Carlos clicks on Click on the button for the steps next], Carlos enters two [Carlos clicks on Where we write the city, Carlos clears field Where we write the city, Carlos enters 'Bello, Antioquia' into Where we write the city, Carlos types 'DOWN' in Where we write the city, Carlos types 'ENTER' in Where we write the city, Carlos enters '050044' into Where we write the code postal, Carlos clicks on Where we write the country, Carlos enters 'Colombia' into Where we write the country, Carlos types 'ENTER' in Where we write the country, Carlos clicks on Click on the button for the steps next], Carlos enters three [Carlos clicks on Click on the operating system of the computer, Carlos enters 'Windows' into write the operating system of the computer, Carlos types 'ENTER' in write the operating system of the computer, Carlos clicks on Click on the version operating system of the computer, Carlos enters 'Windows 10 Education' into write the version operating system of the computer]]
[Test worker] WARN net.thucydides.core.steps.BaseStepListener - stepStarted: net.thucydides.core.steps.ExecutedStepDescription@6bce313
[Test worker] WARN net.thucydides.core.steps.BaseStepListener - stepFinished: current outcome:Register on the Utest.com page:Given than Carlos is on the Utest page [Carlos open up [Carlos opens the Utest page]], When he clicks Join Today on the Utest page [Carlos join today [Carlos clicks on Click in the button Join Today]], And he enters the data required in the four registration steps [Carlos enters [Carlos enters 'Carlos' into Where we write the first name, Carlos enters 'Castro' into Where we write the last name, Carlos enters 'ccastro@choucairt.com' into Where we write the email address, Carlos clicks on Click on the month of date birth, Carlos clicks on Click on the day of date birth, Carlos clicks on Click on the year of date birth, Carlos enters 'Spanish' into Where we write the native language, Carlos types 'ENTER' in Where we write the native language, Carlos clicks on Click on the button for the steps next], Carlos enters two [Carlos clicks on Where we write the city, Carlos clears field Where we write the city, Carlos enters 'Bello, Antioquia' into Where we write the city, Carlos types 'DOWN' in Where we write the city, Carlos types 'ENTER' in Where we write the city, Carlos enters '050044' into Where we write the code postal, Carlos clicks on Where we write the country, Carlos enters 'Colombia' into Where we write the country, Carlos types 'ENTER' in Where we write the country, Carlos clicks on Click on the button for the steps next], Carlos enters three [Carlos clicks on Click on the operating system of the computer, Carlos enters 'Windows' into write the operating system of the computer, Carlos types 'ENTER' in write the operating system of the computer, Carlos clicks on Click on the version operating system of the computer, Carlos enters 'Windows 10 Education' into write the version operating system of the computer, Carlos types 'ENTER' in write the version operating system of the computer]]
[Test worker] WARN net.thucydides.core.steps.BaseStepListener - stepStarted: net.thucydides.core.steps.ExecutedStepDescription@2c9d90fc
[Test worker] WARN net.thucydides.core.steps.BaseStepListener - stepFinished: current outcome:Register on the Utest.com page:Given than Carlos is on the Utest page [Carlos open up [Carlos opens the Utest page]], When he clicks Join Today on the Utest page [Carlos join today [Carlos clicks on Click in the button Join Today]], And he enters the data required in the four registration steps [Carlos enters [Carlos enters 'Carlos' into Where we write the first name, Carlos enters 'Castro' into Where we write the last name, Carlos enters 'ccastro@choucairt.com' into Where we write the email address, Carlos clicks on Click on the month of date birth, Carlos clicks on Click on the day of date birth, Carlos clicks on Click on the year of date birth, Carlos enters 'Spanish' into Where we write the native language, Carlos types 'ENTER' in Where we write the native language, Carlos clicks on Click on the button for the steps next], Carlos enters two [Carlos clicks on Where we write the city, Carlos clears field Where we write the city, Carlos enters 'Bello, Antioquia' into Where we write the city, Carlos types 'DOWN' in Where we write the city, Carlos types 'ENTER' in Where we write the city, Carlos enters '050044' into Where we write the code postal, Carlos clicks on Where we write the country, Carlos enters 'Colombia' into Where we write the country, Carlos types 'ENTER' in Where we write the country, Carlos clicks on Click on the button for the steps next], Carlos enters three [Carlos clicks on Click on the operating system of the computer, Carlos enters 'Windows' into write the operating system of the computer, Carlos types 'ENTER' in write the operating system of the computer, Carlos clicks on Click on the version operating system of the computer, Carlos enters 'Windows 10 Education' into write the version operating system of the computer, Carlos types 'ENTER' in write the version operating system of the computer, Carlos clicks on Click on the language operating system of the computer]]
[Test worker] WARN net.thucydides.core.steps.BaseStepListener - stepStarted: net.thucydides.core.steps.ExecutedStepDescription@601d6622
[Test worker] WARN net.thucydides.core.steps.BaseStepListener - stepFinished: current outcome:Register on the Utest.com page:Given than Carlos is on the Utest page [Carlos open up [Carlos opens the Utest page]], When he clicks Join Today on the Utest page [Carlos join today [Carlos clicks on Click in the button Join Today]], And he enters the data required in the four registration steps [Carlos enters [Carlos enters 'Carlos' into Where we write the first name, Carlos enters 'Castro' into Where we write the last name, Carlos enters 'ccastro@choucairt.com' into Where we write the email address, Carlos clicks on Click on the month of date birth, Carlos clicks on Click on the day of date birth, Carlos clicks on Click on the year of date birth, Carlos enters 'Spanish' into Where we write the native language, Carlos types 'ENTER' in Where we write the native language, Carlos clicks on Click on the button for the steps next], Carlos enters two [Carlos clicks on Where we write the city, Carlos clears field Where we write the city, Carlos enters 'Bello, Antioquia' into Where we write the city, Carlos types 'DOWN' in Where we write the city, Carlos types 'ENTER' in Where we write the city, Carlos enters '050044' into Where we write the code postal, Carlos clicks on Where we write the country, Carlos enters 'Colombia' into Where we write the country, Carlos types 'ENTER' in Where we write the country, Carlos clicks on Click on the button for the steps next], Carlos enters three [Carlos clicks on Click on the operating system of the computer, Carlos enters 'Windows' into write the operating system of the computer, Carlos types 'ENTER' in write the operating system of the computer, Carlos clicks on Click on the version operating system of the computer, Carlos enters 'Windows 10 Education' into write the version operating system of the computer, Carlos types 'ENTER' in write the version operating system of the computer, Carlos clicks on Click on the language operating system of the computer, Carlos enters 'Spanish' into write the language operating system of the computer]]
[Test worker] WARN net.thucydides.core.steps.BaseStepListener - stepStarted: net.thucydides.core.steps.ExecutedStepDescription@22a6d75c
[Test worker] WARN net.thucydides.core.steps.BaseStepListener - stepFinished: current outcome:Register on the Utest.com page:Given than Carlos is on the Utest page [Carlos open up [Carlos opens the Utest page]], When he clicks Join Today on the Utest page [Carlos join today [Carlos clicks on Click in the button Join Today]], And he enters the data required in the four registration steps [Carlos enters [Carlos enters 'Carlos' into Where we write the first name, Carlos enters 'Castro' into Where we write the last name, Carlos enters 'ccastro@choucairt.com' into Where we write the email address, Carlos clicks on Click on the month of date birth, Carlos clicks on Click on the day of date birth, Carlos clicks on Click on the year of date birth, Carlos enters 'Spanish' into Where we write the native language, Carlos types 'ENTER' in Where we write the native language, Carlos clicks on Click on the button for the steps next], Carlos enters two [Carlos clicks on Where we write the city, Carlos clears field Where we write the city, Carlos enters 'Bello, Antioquia' into Where we write the city, Carlos types 'DOWN' in Where we write the city, Carlos types 'ENTER' in Where we write the city, Carlos enters '050044' into Where we write the code postal, Carlos clicks on Where we write the country, Carlos enters 'Colombia' into Where we write the country, Carlos types 'ENTER' in Where we write the country, Carlos clicks on Click on the button for the steps next], Carlos enters three [Carlos clicks on Click on the operating system of the computer, Carlos enters 'Windows' into write the operating system of the computer, Carlos types 'ENTER' in write the operating system of the computer, Carlos clicks on Click on the version operating system of the computer, Carlos enters 'Windows 10 Education' into write the version operating system of the computer, Carlos types 'ENTER' in write the version operating system of the computer, Carlos clicks on Click on the language operating system of the computer, Carlos enters 'Spanish' into write the language operating system of the computer, Carlos types 'ENTER' in write the language operating system of the computer]]
[Test worker] WARN net.thucydides.core.steps.BaseStepListener - stepStarted: net.thucydides.core.steps.ExecutedStepDescription@285a4fe3
[Test worker] WARN net.thucydides.core.steps.BaseStepListener - stepFinished: current outcome:Register on the Utest.com page:Given than Carlos is on the Utest page [Carlos open up [Carlos opens the Utest page]], When he clicks Join Today on the Utest page [Carlos join today [Carlos clicks on Click in the button Join Today]], And he enters the data required in the four registration steps [Carlos enters [Carlos enters 'Carlos' into Where we write the first name, Carlos enters 'Castro' into Where we write the last name, Carlos enters 'ccastro@choucairt.com' into Where we write the email address, Carlos clicks on Click on the month of date birth, Carlos clicks on Click on the day of date birth, Carlos clicks on Click on the year of date birth, Carlos enters 'Spanish' into Where we write the native language, Carlos types 'ENTER' in Where we write the native language, Carlos clicks on Click on the button for the steps next], Carlos enters two [Carlos clicks on Where we write the city, Carlos clears field Where we write the city, Carlos enters 'Bello, Antioquia' into Where we write the city, Carlos types 'DOWN' in Where we write the city, Carlos types 'ENTER' in Where we write the city, Carlos enters '050044' into Where we write the code postal, Carlos clicks on Where we write the country, Carlos enters 'Colombia' into Where we write the country, Carlos types 'ENTER' in Where we write the country, Carlos clicks on Click on the button for the steps next], Carlos enters three [Carlos clicks on Click on the operating system of the computer, Carlos enters 'Windows' into write the operating system of the computer, Carlos types 'ENTER' in write the operating system of the computer, Carlos clicks on Click on the version operating system of the computer, Carlos enters 'Windows 10 Education' into write the version operating system of the computer, Carlos types 'ENTER' in write the version operating system of the computer, Carlos clicks on Click on the language operating system of the computer, Carlos enters 'Spanish' into write the language operating system of the computer, Carlos types 'ENTER' in write the language operating system of the computer, Carlos clicks on Click on the name of your mobile device]]
[Test worker] WARN net.thucydides.core.steps.BaseStepListener - stepStarted: net.thucydides.core.steps.ExecutedStepDescription@37c7766e
[Test worker] WARN net.thucydides.core.steps.BaseStepListener - stepFinished: current outcome:Register on the Utest.com page:Given than Carlos is on the Utest page [Carlos open up [Carlos opens the Utest page]], When he clicks Join Today on the Utest page [Carlos join today [Carlos clicks on Click in the button Join Today]], And he enters the data required in the four registration steps [Carlos enters [Carlos enters 'Carlos' into Where we write the first name, Carlos enters 'Castro' into Where we write the last name, Carlos enters 'ccastro@choucairt.com' into Where we write the email address, Carlos clicks on Click on the month of date birth, Carlos clicks on Click on the day of date birth, Carlos clicks on Click on the year of date birth, Carlos enters 'Spanish' into Where we write the native language, Carlos types 'ENTER' in Where we write the native language, Carlos clicks on Click on the button for the steps next], Carlos enters two [Carlos clicks on Where we write the city, Carlos clears field Where we write the city, Carlos enters 'Bello, Antioquia' into Where we write the city, Carlos types 'DOWN' in Where we write the city, Carlos types 'ENTER' in Where we write the city, Carlos enters '050044' into Where we write the code postal, Carlos clicks on Where we write the country, Carlos enters 'Colombia' into Where we write the country, Carlos types 'ENTER' in Where we write the country, Carlos clicks on Click on the button for the steps next], Carlos enters three [Carlos clicks on Click on the operating system of the computer, Carlos enters 'Windows' into write the operating system of the computer, Carlos types 'ENTER' in write the operating system of the computer, Carlos clicks on Click on the version operating system of the computer, Carlos enters 'Windows 10 Education' into write the version operating system of the computer, Carlos types 'ENTER' in write the version operating system of the computer, Carlos clicks on Click on the language operating system of the computer, Carlos enters 'Spanish' into write the language operating system of the computer, Carlos types 'ENTER' in write the language operating system of the computer, Carlos clicks on Click on the name of your mobile device, Carlos enters 'Motorola' into write the name of your mobile device]]
[Test worker] WARN net.thucydides.core.steps.BaseStepListener - stepStarted: net.thucydides.core.steps.ExecutedStepDescription@5a2ae1ab
[Test worker] WARN net.thucydides.core.steps.BaseStepListener - stepFinished: current outcome:Register on the Utest.com page:Given than Carlos is on the Utest page [Carlos open up [Carlos opens the Utest page]], When he clicks Join Today on the Utest page [Carlos join today [Carlos clicks on Click in the button Join Today]], And he enters the data required in the four registration steps [Carlos enters [Carlos enters 'Carlos' into Where we write the first name, Carlos enters 'Castro' into Where we write the last name, Carlos enters 'ccastro@choucairt.com' into Where we write the email address, Carlos clicks on Click on the month of date birth, Carlos clicks on Click on the day of date birth, Carlos clicks on Click on the year of date birth, Carlos enters 'Spanish' into Where we write the native language, Carlos types 'ENTER' in Where we write the native language, Carlos clicks on Click on the button for the steps next], Carlos enters two [Carlos clicks on Where we write the city, Carlos clears field Where we write the city, Carlos enters 'Bello, Antioquia' into Where we write the city, Carlos types 'DOWN' in Where we write the city, Carlos types 'ENTER' in Where we write the city, Carlos enters '050044' into Where we write the code postal, Carlos clicks on Where we write the country, Carlos enters 'Colombia' into Where we write the country, Carlos types 'ENTER' in Where we write the country, Carlos clicks on Click on the button for the steps next], Carlos enters three [Carlos clicks on Click on the operating system of the computer, Carlos enters 'Windows' into write the operating system of the computer, Carlos types 'ENTER' in write the operating system of the computer, Carlos clicks on Click on the version operating system of the computer, Carlos enters 'Windows 10 Education' into write the version operating system of the computer, Carlos types 'ENTER' in write the version operating system of the computer, Carlos clicks on Click on the language operating system of the computer, Carlos enters 'Spanish' into write the language operating system of the computer, Carlos types 'ENTER' in write the language operating system of the computer, Carlos clicks on Click on the name of your mobile device, Carlos enters 'Motorola' into write the name of your mobile device, Carlos types 'ENTER' in write the name of your mobile device]]
[Test worker] WARN net.thucydides.core.steps.BaseStepListener - stepStarted: net.thucydides.core.steps.ExecutedStepDescription@3b4ef59f
[Test worker] WARN net.thucydides.core.steps.BaseStepListener - stepFinished: current outcome:Register on the Utest.com page:Given than Carlos is on the Utest page [Carlos open up [Carlos opens the Utest page]], When he clicks Join Today on the Utest page [Carlos join today [Carlos clicks on Click in the button Join Today]], And he enters the data required in the four registration steps [Carlos enters [Carlos enters 'Carlos' into Where we write the first name, Carlos enters 'Castro' into Where we write the last name, Carlos enters 'ccastro@choucairt.com' into Where we write the email address, Carlos clicks on Click on the month of date birth, Carlos clicks on Click on the day of date birth, Carlos clicks on Click on the year of date birth, Carlos enters 'Spanish' into Where we write the native language, Carlos types 'ENTER' in Where we write the native language, Carlos clicks on Click on the button for the steps next], Carlos enters two [Carlos clicks on Where we write the city, Carlos clears field Where we write the city, Carlos enters 'Bello, Antioquia' into Where we write the city, Carlos types 'DOWN' in Where we write the city, Carlos types 'ENTER' in Where we write the city, Carlos enters '050044' into Where we write the code postal, Carlos clicks on Where we write the country, Carlos enters 'Colombia' into Where we write the country, Carlos types 'ENTER' in Where we write the country, Carlos clicks on Click on the button for the steps next], Carlos enters three [Carlos clicks on Click on the operating system of the computer, Carlos enters 'Windows' into write the operating system of the computer, Carlos types 'ENTER' in write the operating system of the computer, Carlos clicks on Click on the version operating system of the computer, Carlos enters 'Windows 10 Education' into write the version operating system of the computer, Carlos types 'ENTER' in write the version operating system of the computer, Carlos clicks on Click on the language operating system of the computer, Carlos enters 'Spanish' into write the language operating system of the computer, Carlos types 'ENTER' in write the language operating system of the computer, Carlos clicks on Click on the name of your mobile device, Carlos enters 'Motorola' into write the name of your mobile device, Carlos types 'ENTER' in write the name of your mobile device, Carlos clicks on Click on the model of your mobile device]]
[Test worker] WARN net.thucydides.core.steps.BaseStepListener - stepStarted: net.thucydides.core.steps.ExecutedStepDescription@686cf8ad
[Test worker] WARN net.thucydides.core.steps.BaseStepListener - stepFinished: current outcome:Register on the Utest.com page:Given than Carlos is on the Utest page [Carlos open up [Carlos opens the Utest page]], When he clicks Join Today on the Utest page [Carlos join today [Carlos clicks on Click in the button Join Today]], And he enters the data required in the four registration steps [Carlos enters [Carlos enters 'Carlos' into Where we write the first name, Carlos enters 'Castro' into Where we write the last name, Carlos enters 'ccastro@choucairt.com' into Where we write the email address, Carlos clicks on Click on the month of date birth, Carlos clicks on Click on the day of date birth, Carlos clicks on Click on the year of date birth, Carlos enters 'Spanish' into Where we write the native language, Carlos types 'ENTER' in Where we write the native language, Carlos clicks on Click on the button for the steps next], Carlos enters two [Carlos clicks on Where we write the city, Carlos clears field Where we write the city, Carlos enters 'Bello, Antioquia' into Where we write the city, Carlos types 'DOWN' in Where we write the city, Carlos types 'ENTER' in Where we write the city, Carlos enters '050044' into Where we write the code postal, Carlos clicks on Where we write the country, Carlos enters 'Colombia' into Where we write the country, Carlos types 'ENTER' in Where we write the country, Carlos clicks on Click on the button for the steps next], Carlos enters three [Carlos clicks on Click on the operating system of the computer, Carlos enters 'Windows' into write the operating system of the computer, Carlos types 'ENTER' in write the operating system of the computer, Carlos clicks on Click on the version operating system of the computer, Carlos enters 'Windows 10 Education' into write the version operating system of the computer, Carlos types 'ENTER' in write the version operating system of the computer, Carlos clicks on Click on the language operating system of the computer, Carlos enters 'Spanish' into write the language operating system of the computer, Carlos types 'ENTER' in write the language operating system of the computer, Carlos clicks on Click on the name of your mobile device, Carlos enters 'Motorola' into write the name of your mobile device, Carlos types 'ENTER' in write the name of your mobile device, Carlos clicks on Click on the model of your mobile device, Carlos enters 'Moto G9 Plus' into write the model of your mobile device]]
[Test worker] WARN net.thucydides.core.steps.BaseStepListener - stepStarted: net.thucydides.core.steps.ExecutedStepDescription@571a663c
[Test worker] WARN net.thucydides.core.steps.BaseStepListener - stepFinished: current outcome:Register on the Utest.com page:Given than Carlos is on the Utest page [Carlos open up [Carlos opens the Utest page]], When he clicks Join Today on the Utest page [Carlos join today [Carlos clicks on Click in the button Join Today]], And he enters the data required in the four registration steps [Carlos enters [Carlos enters 'Carlos' into Where we write the first name, Carlos enters 'Castro' into Where we write the last name, Carlos enters 'ccastro@choucairt.com' into Where we write the email address, Carlos clicks on Click on the month of date birth, Carlos clicks on Click on the day of date birth, Carlos clicks on Click on the year of date birth, Carlos enters 'Spanish' into Where we write the native language, Carlos types 'ENTER' in Where we write the native language, Carlos clicks on Click on the button for the steps next], Carlos enters two [Carlos clicks on Where we write the city, Carlos clears field Where we write the city, Carlos enters 'Bello, Antioquia' into Where we write the city, Carlos types 'DOWN' in Where we write the city, Carlos types 'ENTER' in Where we write the city, Carlos enters '050044' into Where we write the code postal, Carlos clicks on Where we write the country, Carlos enters 'Colombia' into Where we write the country, Carlos types 'ENTER' in Where we write the country, Carlos clicks on Click on the button for the steps next], Carlos enters three [Carlos clicks on Click on the operating system of the computer, Carlos enters 'Windows' into write the operating system of the computer, Carlos types 'ENTER' in write the operating system of the computer, Carlos clicks on Click on the version operating system of the computer, Carlos enters 'Windows 10 Education' into write the version operating system of the computer, Carlos types 'ENTER' in write the version operating system of the computer, Carlos clicks on Click on the language operating system of the computer, Carlos enters 'Spanish' into write the language operating system of the computer, Carlos types 'ENTER' in write the language operating system of the computer, Carlos clicks on Click on the name of your mobile device, Carlos enters 'Motorola' into write the name of your mobile device, Carlos types 'ENTER' in write the name of your mobile device, Carlos clicks on Click on the model of your mobile device, Carlos enters 'Moto G9 Plus' into write the model of your mobile device, Carlos types 'ENTER' in write the model of your mobile device]]
[Test worker] WARN net.thucydides.core.steps.BaseStepListener - stepStarted: net.thucydides.core.steps.ExecutedStepDescription@27898e13
[Test worker] WARN net.thucydides.core.steps.BaseStepListener - stepFinished: current outcome:Register on the Utest.com page:Given than Carlos is on the Utest page [Carlos open up [Carlos opens the Utest page]], When he clicks Join Today on the Utest page [Carlos join today [Carlos clicks on Click in the button Join Today]], And he enters the data required in the four registration steps [Carlos enters [Carlos enters 'Carlos' into Where we write the first name, Carlos enters 'Castro' into Where we write the last name, Carlos enters 'ccastro@choucairt.com' into Where we write the email address, Carlos clicks on Click on the month of date birth, Carlos clicks on Click on the day of date birth, Carlos clicks on Click on the year of date birth, Carlos enters 'Spanish' into Where we write the native language, Carlos types 'ENTER' in Where we write the native language, Carlos clicks on Click on the button for the steps next], Carlos enters two [Carlos clicks on Where we write the city, Carlos clears field Where we write the city, Carlos enters 'Bello, Antioquia' into Where we write the city, Carlos types 'DOWN' in Where we write the city, Carlos types 'ENTER' in Where we write the city, Carlos enters '050044' into Where we write the code postal, Carlos clicks on Where we write the country, Carlos enters 'Colombia' into Where we write the country, Carlos types 'ENTER' in Where we write the country, Carlos clicks on Click on the button for the steps next], Carlos enters three [Carlos clicks on Click on the operating system of the computer, Carlos enters 'Windows' into write the operating system of the computer, Carlos types 'ENTER' in write the operating system of the computer, Carlos clicks on Click on the version operating system of the computer, Carlos enters 'Windows 10 Education' into write the version operating system of the computer, Carlos types 'ENTER' in write the version operating system of the computer, Carlos clicks on Click on the language operating system of the computer, Carlos enters 'Spanish' into write the language operating system of the computer, Carlos types 'ENTER' in write the language operating system of the computer, Carlos clicks on Click on the name of your mobile device, Carlos enters 'Motorola' into write the name of your mobile device, Carlos types 'ENTER' in write the name of your mobile device, Carlos clicks on Click on the model of your mobile device, Carlos enters 'Moto G9 Plus' into write the model of your mobile device, Carlos types 'ENTER' in write the model of your mobile device, Carlos clicks on Click on the operating system of the mobile device]]
[Test worker] WARN net.thucydides.core.steps.BaseStepListener - stepStarted: net.thucydides.core.steps.ExecutedStepDescription@5c448ef
[Test worker] WARN net.thucydides.core.steps.BaseStepListener - stepFinished: current outcome:Register on the Utest.com page:Given than Carlos is on the Utest page [Carlos open up [Carlos opens the Utest page]], When he clicks Join Today on the Utest page [Carlos join today [Carlos clicks on Click in the button Join Today]], And he enters the data required in the four registration steps [Carlos enters [Carlos enters 'Carlos' into Where we write the first name, Carlos enters 'Castro' into Where we write the last name, Carlos enters 'ccastro@choucairt.com' into Where we write the email address, Carlos clicks on Click on the month of date birth, Carlos clicks on Click on the day of date birth, Carlos clicks on Click on the year of date birth, Carlos enters 'Spanish' into Where we write the native language, Carlos types 'ENTER' in Where we write the native language, Carlos clicks on Click on the button for the steps next], Carlos enters two [Carlos clicks on Where we write the city, Carlos clears field Where we write the city, Carlos enters 'Bello, Antioquia' into Where we write the city, Carlos types 'DOWN' in Where we write the city, Carlos types 'ENTER' in Where we write the city, Carlos enters '050044' into Where we write the code postal, Carlos clicks on Where we write the country, Carlos enters 'Colombia' into Where we write the country, Carlos types 'ENTER' in Where we write the country, Carlos clicks on Click on the button for the steps next], Carlos enters three [Carlos clicks on Click on the operating system of the computer, Carlos enters 'Windows' into write the operating system of the computer, Carlos types 'ENTER' in write the operating system of the computer, Carlos clicks on Click on the version operating system of the computer, Carlos enters 'Windows 10 Education' into write the version operating system of the computer, Carlos types 'ENTER' in write the version operating system of the computer, Carlos clicks on Click on the language operating system of the computer, Carlos enters 'Spanish' into write the language operating system of the computer, Carlos types 'ENTER' in write the language operating system of the computer, Carlos clicks on Click on the name of your mobile device, Carlos enters 'Motorola' into write the name of your mobile device, Carlos types 'ENTER' in write the name of your mobile device, Carlos clicks on Click on the model of your mobile device, Carlos enters 'Moto G9 Plus' into write the model of your mobile device, Carlos types 'ENTER' in write the model of your mobile device, Carlos clicks on Click on the operating system of the mobile device, Carlos enters 'Android 10' into write the operating system of the mobile device]]
[Test worker] WARN net.thucydides.core.steps.BaseStepListener - stepStarted: net.thucydides.core.steps.ExecutedStepDescription@340afaf8
[Test worker] WARN net.thucydides.core.steps.BaseStepListener - stepFinished: current outcome:Register on the Utest.com page:Given than Carlos is on the Utest page [Carlos open up [Carlos opens the Utest page]], When he clicks Join Today on the Utest page [Carlos join today [Carlos clicks on Click in the button Join Today]], And he enters the data required in the four registration steps [Carlos enters [Carlos enters 'Carlos' into Where we write the first name, Carlos enters 'Castro' into Where we write the last name, Carlos enters 'ccastro@choucairt.com' into Where we write the email address, Carlos clicks on Click on the month of date birth, Carlos clicks on Click on the day of date birth, Carlos clicks on Click on the year of date birth, Carlos enters 'Spanish' into Where we write the native language, Carlos types 'ENTER' in Where we write the native language, Carlos clicks on Click on the button for the steps next], Carlos enters two [Carlos clicks on Where we write the city, Carlos clears field Where we write the city, Carlos enters 'Bello, Antioquia' into Where we write the city, Carlos types 'DOWN' in Where we write the city, Carlos types 'ENTER' in Where we write the city, Carlos enters '050044' into Where we write the code postal, Carlos clicks on Where we write the country, Carlos enters 'Colombia' into Where we write the country, Carlos types 'ENTER' in Where we write the country, Carlos clicks on Click on the button for the steps next], Carlos enters three [Carlos clicks on Click on the operating system of the computer, Carlos enters 'Windows' into write the operating system of the computer, Carlos types 'ENTER' in write the operating system of the computer, Carlos clicks on Click on the version operating system of the computer, Carlos enters 'Windows 10 Education' into write the version operating system of the computer, Carlos types 'ENTER' in write the version operating system of the computer, Carlos clicks on Click on the language operating system of the computer, Carlos enters 'Spanish' into write the language operating system of the computer, Carlos types 'ENTER' in write the language operating system of the computer, Carlos clicks on Click on the name of your mobile device, Carlos enters 'Motorola' into write the name of your mobile device, Carlos types 'ENTER' in write the name of your mobile device, Carlos clicks on Click on the model of your mobile device, Carlos enters 'Moto G9 Plus' into write the model of your mobile device, Carlos types 'ENTER' in write the model of your mobile device, Carlos clicks on Click on the operating system of the mobile device, Carlos enters 'Android 10' into write the operating system of the mobile device, Carlos types 'ENTER' in write the operating system of the mobile device]]
[Test worker] WARN net.thucydides.core.steps.BaseStepListener - stepStarted: net.thucydides.core.steps.ExecutedStepDescription@c9b5a99
[Test worker] WARN net.thucydides.core.steps.BaseStepListener - stepFinished: current outcome:Register on the Utest.com page:Given than Carlos is on the Utest page [Carlos open up [Carlos opens the Utest page]], When he clicks Join Today on the Utest page [Carlos join today [Carlos clicks on Click in the button Join Today]], And he enters the data required in the four registration steps [Carlos enters [Carlos enters 'Carlos' into Where we write the first name, Carlos enters 'Castro' into Where we write the last name, Carlos enters 'ccastro@choucairt.com' into Where we write the email address, Carlos clicks on Click on the month of date birth, Carlos clicks on Click on the day of date birth, Carlos clicks on Click on the year of date birth, Carlos enters 'Spanish' into Where we write the native language, Carlos types 'ENTER' in Where we write the native language, Carlos clicks on Click on the button for the steps next], Carlos enters two [Carlos clicks on Where we write the city, Carlos clears field Where we write the city, Carlos enters 'Bello, Antioquia' into Where we write the city, Carlos types 'DOWN' in Where we write the city, Carlos types 'ENTER' in Where we write the city, Carlos enters '050044' into Where we write the code postal, Carlos clicks on Where we write the country, Carlos enters 'Colombia' into Where we write the country, Carlos types 'ENTER' in Where we write the country, Carlos clicks on Click on the button for the steps next], Carlos enters three [Carlos clicks on Click on the operating system of the computer, Carlos enters 'Windows' into write the operating system of the computer, Carlos types 'ENTER' in write the operating system of the computer, Carlos clicks on Click on the version operating system of the computer, Carlos enters 'Windows 10 Education' into write the version operating system of the computer, Carlos types 'ENTER' in write the version operating system of the computer, Carlos clicks on Click on the language operating system of the computer, Carlos enters 'Spanish' into write the language operating system of the computer, Carlos types 'ENTER' in write the language operating system of the computer, Carlos clicks on Click on the name of your mobile device, Carlos enters 'Motorola' into write the name of your mobile device, Carlos types 'ENTER' in write the name of your mobile device, Carlos clicks on Click on the model of your mobile device, Carlos enters 'Moto G9 Plus' into write the model of your mobile device, Carlos types 'ENTER' in write the model of your mobile device, Carlos clicks on Click on the operating system of the mobile device, Carlos enters 'Android 10' into write the operating system of the mobile device, Carlos types 'ENTER' in write the operating system of the mobile device, Carlos clicks on Click on the button for the steps next]]
[Test worker] WARN net.thucydides.core.steps.BaseStepListener - stepFinished: current outcome:Register on the Utest.com page:Given than Carlos is on the Utest page [Carlos open up [Carlos opens the Utest page]], When he clicks Join Today on the Utest page [Carlos join today [Carlos clicks on Click in the button Join Today]], And he enters the data required in the four registration steps [Carlos enters [Carlos enters 'Carlos' into Where we write the first name, Carlos enters 'Castro' into Where we write the last name, Carlos enters 'ccastro@choucairt.com' into Where we write the email address, Carlos clicks on Click on the month of date birth, Carlos clicks on Click on the day of date birth, Carlos clicks on Click on the year of date birth, Carlos enters 'Spanish' into Where we write the native language, Carlos types 'ENTER' in Where we write the native language, Carlos clicks on Click on the button for the steps next], Carlos enters two [Carlos clicks on Where we write the city, Carlos clears field Where we write the city, Carlos enters 'Bello, Antioquia' into Where we write the city, Carlos types 'DOWN' in Where we write the city, Carlos types 'ENTER' in Where we write the city, Carlos enters '050044' into Where we write the code postal, Carlos clicks on Where we write the country, Carlos enters 'Colombia' into Where we write the country, Carlos types 'ENTER' in Where we write the country, Carlos clicks on Click on the button for the steps next], Carlos enters three [Carlos clicks on Click on the operating system of the computer, Carlos enters 'Windows' into write the operating system of the computer, Carlos types 'ENTER' in write the operating system of the computer, Carlos clicks on Click on the version operating system of the computer, Carlos enters 'Windows 10 Education' into write the version operating system of the computer, Carlos types 'ENTER' in write the version operating system of the computer, Carlos clicks on Click on the language operating system of the computer, Carlos enters 'Spanish' into write the language operating system of the computer, Carlos types 'ENTER' in write the language operating system of the computer, Carlos clicks on Click on the name of your mobile device, Carlos enters 'Motorola' into write the name of your mobile device, Carlos types 'ENTER' in write the name of your mobile device, Carlos clicks on Click on the model of your mobile device, Carlos enters 'Moto G9 Plus' into write the model of your mobile device, Carlos types 'ENTER' in write the model of your mobile device, Carlos clicks on Click on the operating system of the mobile device, Carlos enters 'Android 10' into write the operating system of the mobile device, Carlos types 'ENTER' in write the operating system of the mobile device, Carlos clicks on Click on the button for the steps next]]
[Test worker] WARN net.thucydides.core.steps.BaseStepListener - stepStarted: net.thucydides.core.steps.ExecutedStepDescription@27e44e9c
[Test worker] WARN net.thucydides.core.steps.BaseStepListener - stepStarted: net.thucydides.core.steps.ExecutedStepDescription@1ea930eb
[Test worker] WARN net.thucydides.core.steps.BaseStepListener - stepFinished: current outcome:Register on the Utest.com page:Given than Carlos is on the Utest page [Carlos open up [Carlos opens the Utest page]], When he clicks Join Today on the Utest page [Carlos join today [Carlos clicks on Click in the button Join Today]], And he enters the data required in the four registration steps [Carlos enters [Carlos enters 'Carlos' into Where we write the first name, Carlos enters 'Castro' into Where we write the last name, Carlos enters 'ccastro@choucairt.com' into Where we write the email address, Carlos clicks on Click on the month of date birth, Carlos clicks on Click on the day of date birth, Carlos clicks on Click on the year of date birth, Carlos enters 'Spanish' into Where we write the native language, Carlos types 'ENTER' in Where we write the native language, Carlos clicks on Click on the button for the steps next], Carlos enters two [Carlos clicks on Where we write the city, Carlos clears field Where we write the city, Carlos enters 'Bello, Antioquia' into Where we write the city, Carlos types 'DOWN' in Where we write the city, Carlos types 'ENTER' in Where we write the city, Carlos enters '050044' into Where we write the code postal, Carlos clicks on Where we write the country, Carlos enters 'Colombia' into Where we write the country, Carlos types 'ENTER' in Where we write the country, Carlos clicks on Click on the button for the steps next], Carlos enters three [Carlos clicks on Click on the operating system of the computer, Carlos enters 'Windows' into write the operating system of the computer, Carlos types 'ENTER' in write the operating system of the computer, Carlos clicks on Click on the version operating system of the computer, Carlos enters 'Windows 10 Education' into write the version operating system of the computer, Carlos types 'ENTER' in write the version operating system of the computer, Carlos clicks on Click on the language operating system of the computer, Carlos enters 'Spanish' into write the language operating system of the computer, Carlos types 'ENTER' in write the language operating system of the computer, Carlos clicks on Click on the name of your mobile device, Carlos enters 'Motorola' into write the name of your mobile device, Carlos types 'ENTER' in write the name of your mobile device, Carlos clicks on Click on the model of your mobile device, Carlos enters 'Moto G9 Plus' into write the model of your mobile device, Carlos types 'ENTER' in write the model of your mobile device, Carlos clicks on Click on the operating system of the mobile device, Carlos enters 'Android 10' into write the operating system of the mobile device, Carlos types 'ENTER' in write the operating system of the mobile device, Carlos clicks on Click on the button for the steps next], Carlos enters four [Carlos enters 'Asdfghjkl123*a' into Where we create the password]]
[Test worker] WARN net.thucydides.core.steps.BaseStepListener - stepStarted: net.thucydides.core.steps.ExecutedStepDescription@76e4212
[...]
[Test worker] WARN net.thucydides.core.steps.BaseStepListener - stepStarted: net.thucydides.core.steps.ExecutedStepDescription@6c8efde4
[Test worker] WARN net.thucydides.core.steps.BaseStepListener - stepStarted: net.thucydides.core.steps.ExecutedStepDescription@1cba0321
[Test worker] WARN net.thucydides.core.steps.BaseStepListener - stepFinished: current outcome:Register on the Utest.com page:Given than Carlos is on the Utest page [Carlos open up [Carlos opens the Utest page]], When he clicks Join Today on the Utest page [Carlos join today [Carlos clicks on Click in the button Join Today]], And he enters the data required in the four registration steps [Carlos enters [Carlos enters 'Carlos' into Where we write the first name, Carlos enters 'Castro' into Where we write the last name, Carlos enters 'ccastro@choucairt.com' into Where we write the email address, Carlos clicks on Click on the month of date birth, Carlos clicks on Click on the day of date birth, Carlos clicks on Click on the year of date birth, Carlos enters 'Spanish' into Where we write the native language, Carlos types 'ENTER' in Where we write the native language, Carlos clicks on Click on the button for the steps next], Carlos enters two [Carlos clicks on Where we write the city, Carlos clears field Where we write the city, Carlos enters 'Bello, Antioquia' into Where we write the city, Carlos types 'DOWN' in Where we write the city, Carlos types 'ENTER' in Where we write the city, Carlos enters '050044' into Where we write the code postal, Carlos clicks on Where we write the country, Carlos enters 'Colombia' into Where we write the country, Carlos types 'ENTER' in Where we write the country, Carlos clicks on Click on the button for the steps next], Carlos enters three [Carlos clicks on Click on the operating system of the computer, Carlos enters 'Windows' into write the operating system of the computer, Carlos types 'ENTER' in write the operating system of the computer, Carlos clicks on Click on the version operating system of the computer, Carlos enters 'Windows 10 Education' into write the version operating system of the computer, Carlos types 'ENTER' in write the version operating system of the computer, Carlos clicks on Click on the language operating system of the computer, Carlos enters 'Spanish' into write the language operating system of the computer, Carlos types 'ENTER' in write the language operating system of the computer, Carlos clicks on Click on the name of your mobile device, Carlos enters 'Motorola' into write the name of your mobile device, Carlos types 'ENTER' in write the name of your mobile device, Carlos clicks on Click on the model of your mobile device, Carlos enters 'Moto G9 Plus' into write the model of your mobile device, Carlos types 'ENTER' in write the model of your mobile device, Carlos clicks on Click on the operating system of the mobile device, Carlos enters 'Android 10' into write the operating system of the mobile device, Carlos types 'ENTER' in write the operating system of the mobile device, Carlos clicks on Click on the button for the steps next], Carlos enters four [Carlos enters 'Asdfghjkl123*a' into Where we create the password, Carlos enters 'Asdfghjkl123*a' into Where we repeat the password]], And he accept the terms of use, the guidelines and the privacy and security policy of utest [Carlos accept [Carlos clicks on Where we accept the terms of use and the guidelines of Utest, Carlos clicks on Where we accept the policy of privacy and security of Utest, Carlos clicks on Click on the button to finish]], Then he registers successful on the Utest page seeing a message First, please check your email inbox [Then answer]
[Test worker] WARN net.thucydides.core.steps.BaseStepListener - stepFinished: current outcome:Register on the Utest.com page:Given than Carlos is on the Utest page [Carlos open up [Carlos opens the Utest page]], When he clicks Join Today on the Utest page [Carlos join today [Carlos clicks on Click in the button Join Today]], And he enters the data required in the four registration steps [Carlos enters [Carlos enters 'Carlos' into Where we write the first name, Carlos enters 'Castro' into Where we write the last name, Carlos enters 'ccastro@choucairt.com' into Where we write the email address, Carlos clicks on Click on the month of date birth, Carlos clicks on Click on the day of date birth, Carlos clicks on Click on the year of date birth, Carlos enters 'Spanish' into Where we write the native language, Carlos types 'ENTER' in Where we write the native language, Carlos clicks on Click on the button for the steps next], Carlos enters two [Carlos clicks on Where we write the city, Carlos clears field Where we write the city, Carlos enters 'Bello, Antioquia' into Where we write the city, Carlos types 'DOWN' in Where we write the city, Carlos types 'ENTER' in Where we write the city, Carlos enters '050044' into Where we write the code postal, Carlos clicks on Where we write the country, Carlos enters 'Colombia' into Where we write the country, Carlos types 'ENTER' in Where we write the country, Carlos clicks on Click on the button for the steps next], Carlos enters three [Carlos clicks on Click on the operating system of the computer, Carlos enters 'Windows' into write the operating system of the computer, Carlos types 'ENTER' in write the operating system of the computer, Carlos clicks on Click on the version operating system of the computer, Carlos enters 'Windows 10 Education' into write the version operating system of the computer, Carlos types 'ENTER' in write the version operating system of the computer, Carlos clicks on Click on the language operating system of the computer, Carlos enters 'Spanish' into write the language operating system of the computer, Carlos types 'ENTER' in write the language operating system of the computer, Carlos clicks on Click on the name of your mobile device, Carlos enters 'Motorola' into write the name of your mobile device, Carlos types 'ENTER' in write the name of your mobile device, Carlos clicks on Click on the model of your mobile device, Carlos enters 'Moto G9 Plus' into write the model of your mobile device, Carlos types 'ENTER' in write the model of your mobile device, Carlos clicks on Click on the operating system of the mobile device, Carlos enters 'Android 10' into write the operating system of the mobile device, Carlos types 'ENTER' in write the operating system of the mobile device, Carlos clicks on Click on the button for the steps next], Carlos enters four [Carlos enters 'Asdfghjkl123*a' into Where we create the password, Carlos enters 'Asdfghjkl123*a' into Where we repeat the password]], And he accept the terms of use, the guidelines and the privacy and security policy of utest [Carlos accept [Carlos clicks on Where we accept the terms of use and the guidelines of Utest, Carlos clicks on Where we accept the policy of privacy and security of Utest, Carlos clicks on Click on the button to finish]], Then he registers successful on the Utest page seeing a message First, please check your email inbox [Then answer]
[Test worker] WARN net.thucydides.core.steps.BaseStepListener - testFinished: Register on the Utest.com page:Given than Carlos is on the Utest page [Carlos open up [Carlos opens the Utest page]], When he clicks Join Today on the Utest page [Carlos join today [Carlos clicks on Click in the button Join Today]], And he enters the data required in the four registration steps [Carlos enters [Carlos enters 'Carlos' into Where we write the first name, Carlos enters 'Castro' into Where we write the last name, Carlos enters 'ccastro@choucairt.com' into Where we write the email address, Carlos clicks on Click on the month of date birth, Carlos clicks on Click on the day of date birth, Carlos clicks on Click on the year of date birth, Carlos enters 'Spanish' into Where we write the native language, Carlos types 'ENTER' in Where we write the native language, Carlos clicks on Click on the button for the steps next], Carlos enters two [Carlos clicks on Where we write the city, Carlos clears field Where we write the city, Carlos enters 'Bello, Antioquia' into Where we write the city, Carlos types 'DOWN' in Where we write the city, Carlos types 'ENTER' in Where we write the city, Carlos enters '050044' into Where we write the code postal, Carlos clicks on Where we write the country, Carlos enters 'Colombia' into Where we write the country, Carlos types 'ENTER' in Where we write the country, Carlos clicks on Click on the button for the steps next], Carlos enters three [Carlos clicks on Click on the operating system of the computer, Carlos enters 'Windows' into write the operating system of the computer, Carlos types 'ENTER' in write the operating system of the computer, Carlos clicks on Click on the version operating system of the computer, Carlos enters 'Windows 10 Education' into write the version operating system of the computer, Carlos types 'ENTER' in write the version operating system of the computer, Carlos clicks on Click on the language operating system of the computer, Carlos enters 'Spanish' into write the language operating system of the computer, Carlos types 'ENTER' in write the language operating system of the computer, Carlos clicks on Click on the name of your mobile device, Carlos enters 'Motorola' into write the name of your mobile device, Carlos types 'ENTER' in write the name of your mobile device, Carlos clicks on Click on the model of your mobile device, Carlos enters 'Moto G9 Plus' into write the model of your mobile device, Carlos types 'ENTER' in write the model of your mobile device, Carlos clicks on Click on the operating system of the mobile device, Carlos enters 'Android 10' into write the operating system of the mobile device, Carlos types 'ENTER' in write the operating system of the mobile device, Carlos clicks on Click on the button for the steps next], Carlos enters four [Carlos enters 'Asdfghjkl123*a' into Where we create the password, Carlos enters 'Asdfghjkl123*a' into Where we repeat the password]], And he accept the terms of use, the guidelines and the privacy and security policy of utest [Carlos accept [Carlos clicks on Where we accept the terms of use and the guidelines of Utest, Carlos clicks on Where we accept the policy of privacy and security of Utest, Carlos clicks on Click on the button to finish]], Then he registers successful on the Utest page seeing a message First, please check your email inbox [Then answer]
[Test worker] WARN net.thucydides.core.steps.BaseStepListener - TestOutcomes: [Register on the Utest.com page:Given than Carlos is on the Utest page [Carlos open up [Carlos opens the Utest page]], When he clicks Join Today on the Utest page [Carlos join today [Carlos clicks on Click in the button Join Today]], And he enters the data required in the four registration steps [Carlos enters [Carlos enters 'Carlos' into Where we write the first name, Carlos enters 'Castro' into Where we write the last name, Carlos enters 'ccastro@choucairt.com' into Where we write the email address, Carlos clicks on Click on the month of date birth, Carlos clicks on Click on the day of date birth, Carlos clicks on Click on the year of date birth, Carlos enters 'Spanish' into Where we write the native language, Carlos types 'ENTER' in Where we write the native language, Carlos clicks on Click on the button for the steps next], Carlos enters two [Carlos clicks on Where we write the city, Carlos clears field Where we write the city, Carlos enters 'Bello, Antioquia' into Where we write the city, Carlos types 'DOWN' in Where we write the city, Carlos types 'ENTER' in Where we write the city, Carlos enters '050044' into Where we write the code postal, Carlos clicks on Where we write the country, Carlos enters 'Colombia' into Where we write the country, Carlos types 'ENTER' in Where we write the country, Carlos clicks on Click on the button for the steps next], Carlos enters three [Carlos clicks on Click on the operating system of the computer, Carlos enters 'Windows' into write the operating system of the computer, Carlos types 'ENTER' in write the operating system of the computer, Carlos clicks on Click on the version operating system of the computer, Carlos enters 'Windows 10 Education' into write the version operating system of the computer, Carlos types 'ENTER' in write the version operating system of the computer, Carlos clicks on Click on the language operating system of the computer, Carlos enters 'Spanish' into write the language operating system of the computer, Carlos types 'ENTER' in write the language operating system of the computer, Carlos clicks on Click on the name of your mobile device, Carlos enters 'Motorola' into write the name of your mobile device, Carlos types 'ENTER' in write the name of your mobile device, Carlos clicks on Click on the model of your mobile device, Carlos enters 'Moto G9 Plus' into write the model of your mobile device, Carlos types 'ENTER' in write the model of your mobile device, Carlos clicks on Click on the operating system of the mobile device, Carlos enters 'Android 10' into write the operating system of the mobile device, Carlos types 'ENTER' in write the operating system of the mobile device, Carlos clicks on Click on the button for the steps next], Carlos enters four [Carlos enters 'Asdfghjkl123*a' into Where we create the password, Carlos enters 'Asdfghjkl123*a' into Where we repeat the password]], And he accept the terms of use, the guidelines and the privacy and security policy of utest [Carlos accept [Carlos clicks on Where we accept the terms of use and the guidelines of Utest, Carlos clicks on Where we accept the policy of privacy and security of Utest, Carlos clicks on Click on the button to finish]], Then he registers successful on the Utest page seeing a message First, please check your email inbox [Then answer]]
[Test worker] WARN net.thucydides.core.steps.BaseStepListener - Final testOutcomes: [Register on the Utest.com page:Given than Carlos is on the Utest page [Carlos open up [Carlos opens the Utest page]], When he clicks Join Today on the Utest page [Carlos join today [Carlos clicks on Click in the button Join Today]], And he enters the data required in the four registration steps [Carlos enters [Carlos enters 'Carlos' into Where we write the first name, Carlos enters 'Castro' into Where we write the last name, Carlos enters 'ccastro@choucairt.com' into Where we write the email address, Carlos clicks on Click on the month of date birth, Carlos clicks on Click on the day of date birth, Carlos clicks on Click on the year of date birth, Carlos enters 'Spanish' into Where we write the native language, Carlos types 'ENTER' in Where we write the native language, Carlos clicks on Click on the button for the steps next], Carlos enters two [Carlos clicks on Where we write the city, Carlos clears field Where we write the city, Carlos enters 'Bello, Antioquia' into Where we write the city, Carlos types 'DOWN' in Where we write the city, Carlos types 'ENTER' in Where we write the city, Carlos enters '050044' into Where we write the code postal, Carlos clicks on Where we write the country, Carlos enters 'Colombia' into Where we write the country, Carlos types 'ENTER' in Where we write the country, Carlos clicks on Click on the button for the steps next], Carlos enters three [Carlos clicks on Click on the operating system of the computer, Carlos enters 'Windows' into write the operating system of the computer, Carlos types 'ENTER' in write the operating system of the computer, Carlos clicks on Click on the version operating system of the computer, Carlos enters 'Windows 10 Education' into write the version operating system of the computer, Carlos types 'ENTER' in write the version operating system of the computer, Carlos clicks on Click on the language operating system of the computer, Carlos enters 'Spanish' into write the language operating system of the computer, Carlos types 'ENTER' in write the language operating system of the computer, Carlos clicks on Click on the name of your mobile device, Carlos enters 'Motorola' into write the name of your mobile device, Carlos types 'ENTER' in write the name of your mobile device, Carlos clicks on Click on the model of your mobile device, Carlos enters 'Moto G9 Plus' into write the model of your mobile device, Carlos types 'ENTER' in write the model of your mobile device, Carlos clicks on Click on the operating system of the mobile device, Carlos enters 'Android 10' into write the operating system of the mobile device, Carlos types 'ENTER' in write the operating system of the mobile device, Carlos clicks on Click on the button for the steps next], Carlos enters four [Carlos enters 'Asdfghjkl123*a' into Where we create the password, Carlos enters 'Asdfghjkl123*a' into Where we repeat the password]], And he accept the terms of use, the guidelines and the privacy and security policy of utest [Carlos accept [Carlos clicks on Where we accept the terms of use and the guidelines of Utest, Carlos clicks on Where we accept the policy of privacy and security of Utest, Carlos clicks on Click on the button to finish]], Then he registers successful on the Utest page seeing a message First, please check your email inbox [Then answer]]
[Test worker] INFO net.thucydides.core.steps.ConsoleLoggingListener - 
        __    _____ _____ ____ _____   ____   _    ____  ____  _____ ____  
  _     \ \  |_   _| ____/ ___|_   _| |  _ \ / \  / ___|/ ___|| ____|  _ \ 
 (_)_____| |   | | |  _| \___ \ | |   | |_) / _ \ \___ \\___ \|  _| | | | |
  _|_____| |   | | | |___ ___) || |   |  __/ ___ \ ___) |___) | |___| |_| |
 (_)     | |   |_| |_____|____/ |_|   |_| /_/   \_\____/|____/|_____|____/ 
        /_/                                                                

TEST PASSED: Register on the Utest.com page
----------------------------------------------------------------------------
]]></system-err>
</testsuite>
